#
# There is insufficient memory for the Java Runtime Environment to continue.
# Native memory allocation (malloc) failed to allocate 505616 bytes for Chunk::new
# Possible reasons:
#   The system is out of physical RAM or swap space
#   The process is running with CompressedOops enabled, and the Java Heap may be blocking the growth of the native heap
# Possible solutions:
#   Reduce memory load on the system
#   Increase physical memory or swap space
#   Check if swap backing store is full
#   Decrease Java heap size (-Xmx/-Xms)
#   Decrease number of Java threads
#   Decrease Java thread stack sizes (-Xss)
#   Set larger code cache with -XX:ReservedCodeCacheSize=
#   JVM is running with Unscaled Compressed Oops mode in which the Java heap is
#     placed in the first 4GB address space. The Java Heap base address is the
#     maximum limit for the native heap growth. Please use -XX:HeapBaseMinAddress
#     to set the Java Heap base and to place the Java Heap above 4GB virtual address.
# This output file may be truncated or incomplete.
#
#  Out of Memory Error (src/hotspot/share/memory/arena.cpp:197), pid=6780, tid=17076
#
# JRE version: OpenJDK Runtime Environment (11.0.15) (build 11.0.15+0-b2043.56-9505619)
# Java VM: OpenJDK 64-Bit Server VM (11.0.15+0-b2043.56-9505619, mixed mode, tiered, compressed oops, g1 gc, windows-amd64)
# No core dump will be written. Minidumps are not enabled by default on client versions of Windows
#

---------------  S U M M A R Y ------------

Command Line: --add-opens=java.base/java.util=ALL-UNNAMED --add-opens=java.base/java.lang=ALL-UNNAMED --add-opens=java.base/java.lang.invoke=ALL-UNNAMED --add-opens=java.base/java.util=ALL-UNNAMED --add-opens=java.prefs/java.util.prefs=ALL-UNNAMED --add-opens=java.prefs/java.util.prefs=ALL-UNNAMED --add-opens=java.base/java.nio.charset=ALL-UNNAMED --add-opens=java.base/java.net=ALL-UNNAMED --add-opens=java.base/java.util.concurrent.atomic=ALL-UNNAMED -Xmx1536M -Dfile.encoding=windows-1252 -Duser.country=SG -Duser.language=en -Duser.variant org.gradle.launcher.daemon.bootstrap.GradleDaemon 7.5

Host: Intel(R) Core(TM) i7-1065G7 CPU @ 1.30GHz, 8 cores, 15G,  Windows 11 , 64 bit Build 22621 (10.0.22621.1778)
Time: Wed Jun 21 13:42:33 2023 Malay Peninsula Standard Time elapsed time: 11.873435 seconds (0d 0h 0m 11s)

---------------  T H R E A D  ---------------

Current thread (0x00000118fdda0000):  JavaThread "C2 CompilerThread2" daemon [_thread_in_native, id=17076, stack(0x00000007d4a00000,0x00000007d4b00000)]


Current CompileTask:
C2:  11873 4252       4       java.io.WinNTFileSystem::normalize (224 bytes)

Stack: [0x00000007d4a00000,0x00000007d4b00000]
Native frames: (J=compiled Java code, j=interpreted, Vv=VM code, C=native code)
V  [jvm.dll+0x64135a]
V  [jvm.dll+0x7d39f9]
V  [jvm.dll+0x7d51b9]
V  [jvm.dll+0x7d58a3]
V  [jvm.dll+0x2691c5]
V  [jvm.dll+0xc1a5c]
V  [jvm.dll+0xc200c]
V  [jvm.dll+0x3774a7]
V  [jvm.dll+0x342495]
V  [jvm.dll+0x34186a]
V  [jvm.dll+0x2214bd]
V  [jvm.dll+0x220498]
V  [jvm.dll+0x19e851]
V  [jvm.dll+0x230479]
V  [jvm.dll+0x22e5ef]
V  [jvm.dll+0x794de1]
V  [jvm.dll+0x78dc24]
V  [jvm.dll+0x6400f6]
C  [ucrtbase.dll+0x29363]
C  [KERNEL32.DLL+0x126ad]
C  [ntdll.dll+0x5a9f8]


---------------  P R O C E S S  ---------------

Threads class SMR info:
_java_thread_list=0x00000118fdc36b90, length=40, elements={
0x00000118f0c35000, 0x00000118fb643800, 0x00000118fb64f000, 0x00000118fb6a8800,
0x00000118fb6aa000, 0x00000118fb6ac800, 0x00000118fb6b3800, 0x00000118fb6b8800,
0x00000118fb6df800, 0x00000118fb6af000, 0x00000118fb6ae000, 0x00000118fb6b0800,
0x00000118fb6ac000, 0x00000118fb6ad800, 0x00000118fb6b0000, 0x00000118fb6ab000,
0x00000118fb6b1800, 0x00000118fcd6f000, 0x00000118fcd70000, 0x00000118fcd71000,
0x00000118fcd72800, 0x00000118fcd71800, 0x00000118fcd73800, 0x00000118fcd6d800,
0x00000118fcd74000, 0x00000118fcd6e800, 0x00000118fcd78000, 0x00000118fcd79000,
0x00000118fcd75000, 0x00000118fcd7a800, 0x00000118fcd7a000, 0x00000118fb9c5800,
0x00000118fdda0000, 0x00000118fcd7c800, 0x00000118fcd76800, 0x000001188f9b6000,
0x000001188f9b5000, 0x000001188f9b2800, 0x000001188f9b3800, 0x000001188f9b7000
}

Java Threads: ( => current thread )
  0x00000118f0c35000 JavaThread "main" [_thread_blocked, id=13692, stack(0x00000007d1b00000,0x00000007d1c00000)]
  0x00000118fb643800 JavaThread "Reference Handler" daemon [_thread_blocked, id=4288, stack(0x00000007d2200000,0x00000007d2300000)]
  0x00000118fb64f000 JavaThread "Finalizer" daemon [_thread_blocked, id=12900, stack(0x00000007d2300000,0x00000007d2400000)]
  0x00000118fb6a8800 JavaThread "Signal Dispatcher" daemon [_thread_blocked, id=23284, stack(0x00000007d2400000,0x00000007d2500000)]
  0x00000118fb6aa000 JavaThread "Attach Listener" daemon [_thread_blocked, id=23380, stack(0x00000007d2500000,0x00000007d2600000)]
  0x00000118fb6ac800 JavaThread "Service Thread" daemon [_thread_blocked, id=15568, stack(0x00000007d2600000,0x00000007d2700000)]
  0x00000118fb6b3800 JavaThread "C2 CompilerThread0" daemon [_thread_in_native, id=3660, stack(0x00000007d2700000,0x00000007d2800000)]
  0x00000118fb6b8800 JavaThread "C1 CompilerThread0" daemon [_thread_in_vm, id=15700, stack(0x00000007d2800000,0x00000007d2900000)]
  0x00000118fb6df800 JavaThread "Sweeper thread" daemon [_thread_blocked, id=22620, stack(0x00000007d2900000,0x00000007d2a00000)]
  0x00000118fb6af000 JavaThread "Common-Cleaner" daemon [_thread_blocked, id=12116, stack(0x00000007d2a00000,0x00000007d2b00000)]
  0x00000118fb6ae000 JavaThread "Daemon health stats" [_thread_blocked, id=17512, stack(0x00000007d3300000,0x00000007d3400000)]
  0x00000118fb6b0800 JavaThread "Incoming local TCP Connector on port 60161" [_thread_in_native, id=9540, stack(0x00000007d2c00000,0x00000007d2d00000)]
  0x00000118fb6ac000 JavaThread "Daemon periodic checks" [_thread_blocked, id=19660, stack(0x00000007d3200000,0x00000007d3300000)]
  0x00000118fb6ad800 JavaThread "Daemon" [_thread_blocked, id=1396, stack(0x00000007d3400000,0x00000007d3500000)]
  0x00000118fb6b0000 JavaThread "Handler for socket connection from /127.0.0.1:60161 to /127.0.0.1:60162" [_thread_in_native, id=7668, stack(0x00000007d3500000,0x00000007d3600000)]
  0x00000118fb6ab000 JavaThread "Cancel handler" [_thread_blocked, id=16212, stack(0x00000007d3600000,0x00000007d3700000)]
  0x00000118fb6b1800 JavaThread "Daemon worker" [_thread_in_Java, id=7756, stack(0x00000007d3700000,0x00000007d3800000)]
  0x00000118fcd6f000 JavaThread "Asynchronous log dispatcher for DefaultDaemonConnection: socket connection from /127.0.0.1:60161 to /127.0.0.1:60162" [_thread_blocked, id=18352, stack(0x00000007d3800000,0x00000007d3900000)]
  0x00000118fcd70000 JavaThread "Stdin handler" [_thread_blocked, id=8880, stack(0x00000007d3900000,0x00000007d3a00000)]
  0x00000118fcd71000 JavaThread "Daemon client event forwarder" [_thread_blocked, id=13004, stack(0x00000007d3a00000,0x00000007d3b00000)]
  0x00000118fcd72800 JavaThread "Cache worker for journal cache (C:\Users\DELL\.gradle\caches\journal-1)" [_thread_blocked, id=13392, stack(0x00000007d3b00000,0x00000007d3c00000)]
  0x00000118fcd71800 JavaThread "File lock request listener" [_thread_in_native, id=20392, stack(0x00000007d3c00000,0x00000007d3d00000)]
  0x00000118fcd73800 JavaThread "Cache worker for file hash cache (C:\Users\DELL\.gradle\caches\7.5\fileHashes)" [_thread_blocked, id=3408, stack(0x00000007d3d00000,0x00000007d3e00000)]
  0x00000118fcd6d800 JavaThread "File watcher server" daemon [_thread_in_native, id=2512, stack(0x00000007d4200000,0x00000007d4300000)]
  0x00000118fcd74000 JavaThread "File watcher consumer" daemon [_thread_blocked, id=16428, stack(0x00000007d4300000,0x00000007d4400000)]
  0x00000118fcd6e800 JavaThread "Cache worker for checksums cache (D:\Pranit Jain\Udemy\Flutter Apps\New Apps From Scratch\chat_app\android\.gradle\7.5\checksums)" [_thread_blocked, id=4920, stack(0x00000007d4400000,0x00000007d4500000)]
  0x00000118fcd78000 JavaThread "Cache worker for cache directory md-rule (C:\Users\DELL\.gradle\caches\7.5\md-rule)" [_thread_blocked, id=4872, stack(0x00000007d4500000,0x00000007d4600000)]
  0x00000118fcd79000 JavaThread "Cache worker for file content cache (C:\Users\DELL\.gradle\caches\7.5\fileContent)" [_thread_blocked, id=7016, stack(0x00000007d4600000,0x00000007d4700000)]
  0x00000118fcd75000 JavaThread "Cache worker for file hash cache (D:\Pranit Jain\Udemy\Flutter Apps\New Apps From Scratch\chat_app\android\.gradle\7.5\fileHashes)" [_thread_blocked, id=1152, stack(0x00000007d4700000,0x00000007d4800000)]
  0x00000118fcd7a800 JavaThread "Cache worker for cache directory md-supplier (C:\Users\DELL\.gradle\caches\7.5\md-supplier)" [_thread_blocked, id=13024, stack(0x00000007d4800000,0x00000007d4900000)]
  0x00000118fcd7a000 JavaThread "Cache worker for execution history cache (C:\Users\DELL\.gradle\caches\7.5\executionHistory)" [_thread_blocked, id=7400, stack(0x00000007d4900000,0x00000007d4a00000)]
  0x00000118fb9c5800 JavaThread "C2 CompilerThread1" daemon [_thread_in_vm, id=2568, stack(0x00000007d4100000,0x00000007d4200000)]
=>0x00000118fdda0000 JavaThread "C2 CompilerThread2" daemon [_thread_in_native, id=17076, stack(0x00000007d4a00000,0x00000007d4b00000)]
  0x00000118fcd7c800 JavaThread "jar transforms" [_thread_blocked, id=12668, stack(0x00000007d4b00000,0x00000007d4c00000)]
  0x00000118fcd76800 JavaThread "jar transforms Thread 2" [_thread_blocked, id=3156, stack(0x00000007d4c00000,0x00000007d4d00000)]
  0x000001188f9b6000 JavaThread "jar transforms Thread 3" [_thread_blocked, id=23024, stack(0x00000007d4d00000,0x00000007d4e00000)]
  0x000001188f9b5000 JavaThread "jar transforms Thread 4" [_thread_blocked, id=7216, stack(0x00000007d4e00000,0x00000007d4f00000)]
  0x000001188f9b2800 JavaThread "Cache worker for dependencies-accessors (D:\Pranit Jain\Udemy\Flutter Apps\New Apps From Scratch\chat_app\android\.gradle\7.5\dependencies-accessors)" [_thread_blocked, id=6424, stack(0x00000007d4f00000,0x00000007d5000000)]
  0x000001188f9b3800 JavaThread "jar transforms Thread 5" [_thread_blocked, id=21640, stack(0x00000007d5000000,0x00000007d5100000)]
  0x000001188f9b7000 JavaThread "Cache worker for Build Output Cleanup Cache (D:\Pranit Jain\Udemy\Flutter Apps\New Apps From Scratch\chat_app\android\.gradle\buildOutputCleanup)" [_thread_blocked, id=18732, stack(0x00000007d5100000,0x00000007d5200000)]

Other Threads:
  0x00000118fb61e000 VMThread "VM Thread" [stack: 0x00000007d2100000,0x00000007d2200000] [id=23520]
  0x00000118fb856800 WatcherThread [stack: 0x00000007d2b00000,0x00000007d2c00000] [id=21056]
  0x00000118f0c4d000 GCTaskThread "GC Thread#0" [stack: 0x00000007d1c00000,0x00000007d1d00000] [id=1496]
  0x00000118fc165800 GCTaskThread "GC Thread#1" [stack: 0x00000007d2d00000,0x00000007d2e00000] [id=17980]
  0x00000118fc3d4800 GCTaskThread "GC Thread#2" [stack: 0x00000007d2e00000,0x00000007d2f00000] [id=22232]
  0x00000118fc3d5000 GCTaskThread "GC Thread#3" [stack: 0x00000007d2f00000,0x00000007d3000000] [id=18820]
  0x00000118fc48f800 GCTaskThread "GC Thread#4" [stack: 0x00000007d3000000,0x00000007d3100000] [id=15516]
  0x00000118fc490000 GCTaskThread "GC Thread#5" [stack: 0x00000007d3100000,0x00000007d3200000] [id=20468]
  0x00000118fd1fc800 GCTaskThread "GC Thread#6" [stack: 0x00000007d3e00000,0x00000007d3f00000] [id=21516]
  0x00000118fdf19800 GCTaskThread "GC Thread#7" [stack: 0x00000007d3f00000,0x00000007d4000000] [id=23332]
  0x00000118f0c75800 ConcurrentGCThread "G1 Main Marker" [stack: 0x00000007d1d00000,0x00000007d1e00000] [id=23484]
  0x00000118f0c77800 ConcurrentGCThread "G1 Conc#0" [stack: 0x00000007d1e00000,0x00000007d1f00000] [id=3356]
  0x00000118fe2c4800 ConcurrentGCThread "G1 Conc#1" [stack: 0x00000007d4000000,0x00000007d4100000] [id=4368]
  0x00000118f0cfe800 ConcurrentGCThread "G1 Refine#0" [stack: 0x00000007d1f00000,0x00000007d2000000] [id=16088]
  0x00000118fac88800 ConcurrentGCThread "G1 Young RemSet Sampling" [stack: 0x00000007d2000000,0x00000007d2100000] [id=21512]

Threads with active compile tasks:
C2 CompilerThread0    11905 4317   !   4       java.util.concurrent.ConcurrentHashMap::computeIfAbsent (576 bytes)
C1 CompilerThread0    11905 4355       3       org.gradle.internal.component.external.model.VariantMetadataRules::applyCapabilitiesRules (86 bytes)
C2 CompilerThread2    11906 4252       4       java.io.WinNTFileSystem::normalize (224 bytes)

VM state:not at safepoint (normal execution)

VM Mutex/Monitor currently owned by a thread: None

Heap address: 0x00000000a0000000, size: 1536 MB, Compressed Oops mode: 32-bit
Narrow klass base: 0x0000000000000000, Narrow klass shift: 3
Compressed class space size: 1073741824 Address: 0x0000000100000000

Heap:
 garbage-first heap   total 260096K, used 83750K [0x00000000a0000000, 0x0000000100000000)
  region size 1024K, 67 young (68608K), 14 survivors (14336K)
 Metaspace       used 47936K, capacity 49115K, committed 49360K, reserved 1091584K
  class space    used 6093K, capacity 6525K, committed 6528K, reserved 1048576K
Heap Regions: E=young(eden), S=young(survivor), O=old, HS=humongous(starts), HC=humongous(continues), CS=collection set, F=free, A=archive, TAMS=top-at-mark-start (previous, next)
|   0|0x00000000a0000000, 0x00000000a0100000, 0x00000000a0100000|100%| O|  |TAMS 0x00000000a0100000, 0x00000000a0000000| Untracked 
|   1|0x00000000a0100000, 0x00000000a0200000, 0x00000000a0200000|100%| O|  |TAMS 0x00000000a0200000, 0x00000000a0100000| Untracked 
|   2|0x00000000a0200000, 0x00000000a0300000, 0x00000000a0300000|100%| O|  |TAMS 0x00000000a0300000, 0x00000000a0200000| Untracked 
|   3|0x00000000a0300000, 0x00000000a0400000, 0x00000000a0400000|100%|HS|  |TAMS 0x00000000a0400000, 0x00000000a0300000| Complete 
|   4|0x00000000a0400000, 0x00000000a0500000, 0x00000000a0500000|100%|HC|  |TAMS 0x00000000a0500000, 0x00000000a0400000| Complete 
|   5|0x00000000a0500000, 0x00000000a0600000, 0x00000000a0600000|100%|HC|  |TAMS 0x00000000a0600000, 0x00000000a0500000| Complete 
|   6|0x00000000a0600000, 0x00000000a0700000, 0x00000000a0700000|100%| O|  |TAMS 0x00000000a0700000, 0x00000000a0600000| Untracked 
|   7|0x00000000a0700000, 0x00000000a0800000, 0x00000000a0800000|100%| O|  |TAMS 0x00000000a0800000, 0x00000000a0700000| Untracked 
|   8|0x00000000a0800000, 0x00000000a0900000, 0x00000000a0900000|100%| O|  |TAMS 0x00000000a0900000, 0x00000000a0800000| Untracked 
|   9|0x00000000a0900000, 0x00000000a0a00000, 0x00000000a0a00000|100%| O|  |TAMS 0x00000000a0a00000, 0x00000000a0900000| Untracked 
|  10|0x00000000a0a00000, 0x00000000a0b00000, 0x00000000a0b00000|100%| O|  |TAMS 0x00000000a0b00000, 0x00000000a0a00000| Untracked 
|  11|0x00000000a0b00000, 0x00000000a0c00000, 0x00000000a0c00000|100%| O|  |TAMS 0x00000000a0c00000, 0x00000000a0b00000| Untracked 
|  12|0x00000000a0c00000, 0x00000000a0d00000, 0x00000000a0d00000|100%| O|  |TAMS 0x00000000a0d00000, 0x00000000a0c00000| Untracked 
|  13|0x00000000a0d00000, 0x00000000a0e00000, 0x00000000a0e00000|100%| O|  |TAMS 0x00000000a0e00000, 0x00000000a0d00000| Untracked 
|  14|0x00000000a0e00000, 0x00000000a0f00000, 0x00000000a0f00000|100%| O|  |TAMS 0x00000000a0f00000, 0x00000000a0e00000| Untracked 
|  15|0x00000000a0f00000, 0x00000000a1000000, 0x00000000a1000000|100%| O|  |TAMS 0x00000000a1000000, 0x00000000a0f00000| Untracked 
|  16|0x00000000a1000000, 0x00000000a1053a00, 0x00000000a1100000| 32%| O|  |TAMS 0x00000000a1053a00, 0x00000000a1000000| Untracked 
|  17|0x00000000a1100000, 0x00000000a1100000, 0x00000000a1200000|  0%| F|  |TAMS 0x00000000a1100000, 0x00000000a1100000| Untracked 
|  18|0x00000000a1200000, 0x00000000a1200000, 0x00000000a1300000|  0%| F|  |TAMS 0x00000000a1200000, 0x00000000a1200000| Untracked 
|  19|0x00000000a1300000, 0x00000000a1300000, 0x00000000a1400000|  0%| F|  |TAMS 0x00000000a1300000, 0x00000000a1300000| Untracked 
|  20|0x00000000a1400000, 0x00000000a1400000, 0x00000000a1500000|  0%| F|  |TAMS 0x00000000a1400000, 0x00000000a1400000| Untracked 
|  21|0x00000000a1500000, 0x00000000a1500000, 0x00000000a1600000|  0%| F|  |TAMS 0x00000000a1500000, 0x00000000a1500000| Untracked 
|  22|0x00000000a1600000, 0x00000000a1600000, 0x00000000a1700000|  0%| F|  |TAMS 0x00000000a1600000, 0x00000000a1600000| Untracked 
|  23|0x00000000a1700000, 0x00000000a1700000, 0x00000000a1800000|  0%| F|  |TAMS 0x00000000a1700000, 0x00000000a1700000| Untracked 
|  24|0x00000000a1800000, 0x00000000a1800000, 0x00000000a1900000|  0%| F|  |TAMS 0x00000000a1800000, 0x00000000a1800000| Untracked 
|  25|0x00000000a1900000, 0x00000000a1900000, 0x00000000a1a00000|  0%| F|  |TAMS 0x00000000a1900000, 0x00000000a1900000| Untracked 
|  26|0x00000000a1a00000, 0x00000000a1a00000, 0x00000000a1b00000|  0%| F|  |TAMS 0x00000000a1a00000, 0x00000000a1a00000| Untracked 
|  27|0x00000000a1b00000, 0x00000000a1b00000, 0x00000000a1c00000|  0%| F|  |TAMS 0x00000000a1b00000, 0x00000000a1b00000| Untracked 
|  28|0x00000000a1c00000, 0x00000000a1c00000, 0x00000000a1d00000|  0%| F|  |TAMS 0x00000000a1c00000, 0x00000000a1c00000| Untracked 
|  29|0x00000000a1d00000, 0x00000000a1d00000, 0x00000000a1e00000|  0%| F|  |TAMS 0x00000000a1d00000, 0x00000000a1d00000| Untracked 
|  30|0x00000000a1e00000, 0x00000000a1e00000, 0x00000000a1f00000|  0%| F|  |TAMS 0x00000000a1e00000, 0x00000000a1e00000| Untracked 
|  31|0x00000000a1f00000, 0x00000000a1f00000, 0x00000000a2000000|  0%| F|  |TAMS 0x00000000a1f00000, 0x00000000a1f00000| Untracked 
|  32|0x00000000a2000000, 0x00000000a2000000, 0x00000000a2100000|  0%| F|  |TAMS 0x00000000a2000000, 0x00000000a2000000| Untracked 
|  33|0x00000000a2100000, 0x00000000a2100000, 0x00000000a2200000|  0%| F|  |TAMS 0x00000000a2100000, 0x00000000a2100000| Untracked 
|  34|0x00000000a2200000, 0x00000000a2200000, 0x00000000a2300000|  0%| F|  |TAMS 0x00000000a2200000, 0x00000000a2200000| Untracked 
|  35|0x00000000a2300000, 0x00000000a2300000, 0x00000000a2400000|  0%| F|  |TAMS 0x00000000a2300000, 0x00000000a2300000| Untracked 
|  36|0x00000000a2400000, 0x00000000a2400000, 0x00000000a2500000|  0%| F|  |TAMS 0x00000000a2400000, 0x00000000a2400000| Untracked 
|  37|0x00000000a2500000, 0x00000000a2500000, 0x00000000a2600000|  0%| F|  |TAMS 0x00000000a2500000, 0x00000000a2500000| Untracked 
|  38|0x00000000a2600000, 0x00000000a2600000, 0x00000000a2700000|  0%| F|  |TAMS 0x00000000a2600000, 0x00000000a2600000| Untracked 
|  39|0x00000000a2700000, 0x00000000a2700000, 0x00000000a2800000|  0%| F|  |TAMS 0x00000000a2700000, 0x00000000a2700000| Untracked 
|  40|0x00000000a2800000, 0x00000000a2800000, 0x00000000a2900000|  0%| F|  |TAMS 0x00000000a2800000, 0x00000000a2800000| Untracked 
|  41|0x00000000a2900000, 0x00000000a2900000, 0x00000000a2a00000|  0%| F|  |TAMS 0x00000000a2900000, 0x00000000a2900000| Untracked 
|  42|0x00000000a2a00000, 0x00000000a2a00000, 0x00000000a2b00000|  0%| F|  |TAMS 0x00000000a2a00000, 0x00000000a2a00000| Untracked 
|  43|0x00000000a2b00000, 0x00000000a2b00000, 0x00000000a2c00000|  0%| F|  |TAMS 0x00000000a2b00000, 0x00000000a2b00000| Untracked 
|  44|0x00000000a2c00000, 0x00000000a2c00000, 0x00000000a2d00000|  0%| F|  |TAMS 0x00000000a2c00000, 0x00000000a2c00000| Untracked 
|  45|0x00000000a2d00000, 0x00000000a2d00000, 0x00000000a2e00000|  0%| F|  |TAMS 0x00000000a2d00000, 0x00000000a2d00000| Untracked 
|  46|0x00000000a2e00000, 0x00000000a2e00000, 0x00000000a2f00000|  0%| F|  |TAMS 0x00000000a2e00000, 0x00000000a2e00000| Untracked 
|  47|0x00000000a2f00000, 0x00000000a2f00000, 0x00000000a3000000|  0%| F|  |TAMS 0x00000000a2f00000, 0x00000000a2f00000| Untracked 
|  48|0x00000000a3000000, 0x00000000a3000000, 0x00000000a3100000|  0%| F|  |TAMS 0x00000000a3000000, 0x00000000a3000000| Untracked 
|  49|0x00000000a3100000, 0x00000000a3100000, 0x00000000a3200000|  0%| F|  |TAMS 0x00000000a3100000, 0x00000000a3100000| Untracked 
|  50|0x00000000a3200000, 0x00000000a3200000, 0x00000000a3300000|  0%| F|  |TAMS 0x00000000a3200000, 0x00000000a3200000| Untracked 
|  51|0x00000000a3300000, 0x00000000a3300000, 0x00000000a3400000|  0%| F|  |TAMS 0x00000000a3300000, 0x00000000a3300000| Untracked 
|  52|0x00000000a3400000, 0x00000000a3400000, 0x00000000a3500000|  0%| F|  |TAMS 0x00000000a3400000, 0x00000000a3400000| Untracked 
|  53|0x00000000a3500000, 0x00000000a3500000, 0x00000000a3600000|  0%| F|  |TAMS 0x00000000a3500000, 0x00000000a3500000| Untracked 
|  54|0x00000000a3600000, 0x00000000a3600000, 0x00000000a3700000|  0%| F|  |TAMS 0x00000000a3600000, 0x00000000a3600000| Untracked 
|  55|0x00000000a3700000, 0x00000000a3700000, 0x00000000a3800000|  0%| F|  |TAMS 0x00000000a3700000, 0x00000000a3700000| Untracked 
|  56|0x00000000a3800000, 0x00000000a3800000, 0x00000000a3900000|  0%| F|  |TAMS 0x00000000a3800000, 0x00000000a3800000| Untracked 
|  57|0x00000000a3900000, 0x00000000a3900000, 0x00000000a3a00000|  0%| F|  |TAMS 0x00000000a3900000, 0x00000000a3900000| Untracked 
|  58|0x00000000a3a00000, 0x00000000a3a00000, 0x00000000a3b00000|  0%| F|  |TAMS 0x00000000a3a00000, 0x00000000a3a00000| Untracked 
|  59|0x00000000a3b00000, 0x00000000a3b00000, 0x00000000a3c00000|  0%| F|  |TAMS 0x00000000a3b00000, 0x00000000a3b00000| Untracked 
|  60|0x00000000a3c00000, 0x00000000a3c00000, 0x00000000a3d00000|  0%| F|  |TAMS 0x00000000a3c00000, 0x00000000a3c00000| Untracked 
|  61|0x00000000a3d00000, 0x00000000a3d00000, 0x00000000a3e00000|  0%| F|  |TAMS 0x00000000a3d00000, 0x00000000a3d00000| Untracked 
|  62|0x00000000a3e00000, 0x00000000a3e00000, 0x00000000a3f00000|  0%| F|  |TAMS 0x00000000a3e00000, 0x00000000a3e00000| Untracked 
|  63|0x00000000a3f00000, 0x00000000a3f00000, 0x00000000a4000000|  0%| F|  |TAMS 0x00000000a3f00000, 0x00000000a3f00000| Untracked 
|  64|0x00000000a4000000, 0x00000000a4000000, 0x00000000a4100000|  0%| F|  |TAMS 0x00000000a4000000, 0x00000000a4000000| Untracked 
|  65|0x00000000a4100000, 0x00000000a4100000, 0x00000000a4200000|  0%| F|  |TAMS 0x00000000a4100000, 0x00000000a4100000| Untracked 
|  66|0x00000000a4200000, 0x00000000a4200000, 0x00000000a4300000|  0%| F|  |TAMS 0x00000000a4200000, 0x00000000a4200000| Untracked 
|  67|0x00000000a4300000, 0x00000000a4300000, 0x00000000a4400000|  0%| F|  |TAMS 0x00000000a4300000, 0x00000000a4300000| Untracked 
|  68|0x00000000a4400000, 0x00000000a4400000, 0x00000000a4500000|  0%| F|  |TAMS 0x00000000a4400000, 0x00000000a4400000| Untracked 
|  69|0x00000000a4500000, 0x00000000a4500000, 0x00000000a4600000|  0%| F|  |TAMS 0x00000000a4500000, 0x00000000a4500000| Untracked 
|  70|0x00000000a4600000, 0x00000000a4600000, 0x00000000a4700000|  0%| F|  |TAMS 0x00000000a4600000, 0x00000000a4600000| Untracked 
|  71|0x00000000a4700000, 0x00000000a4700000, 0x00000000a4800000|  0%| F|  |TAMS 0x00000000a4700000, 0x00000000a4700000| Untracked 
|  72|0x00000000a4800000, 0x00000000a4800000, 0x00000000a4900000|  0%| F|  |TAMS 0x00000000a4800000, 0x00000000a4800000| Untracked 
|  73|0x00000000a4900000, 0x00000000a4900000, 0x00000000a4a00000|  0%| F|  |TAMS 0x00000000a4900000, 0x00000000a4900000| Untracked 
|  74|0x00000000a4a00000, 0x00000000a4a00000, 0x00000000a4b00000|  0%| F|  |TAMS 0x00000000a4a00000, 0x00000000a4a00000| Untracked 
|  75|0x00000000a4b00000, 0x00000000a4b00000, 0x00000000a4c00000|  0%| F|  |TAMS 0x00000000a4b00000, 0x00000000a4b00000| Untracked 
|  76|0x00000000a4c00000, 0x00000000a4c00000, 0x00000000a4d00000|  0%| F|  |TAMS 0x00000000a4c00000, 0x00000000a4c00000| Untracked 
|  77|0x00000000a4d00000, 0x00000000a4d00000, 0x00000000a4e00000|  0%| F|  |TAMS 0x00000000a4d00000, 0x00000000a4d00000| Untracked 
|  78|0x00000000a4e00000, 0x00000000a4e00000, 0x00000000a4f00000|  0%| F|  |TAMS 0x00000000a4e00000, 0x00000000a4e00000| Untracked 
|  79|0x00000000a4f00000, 0x00000000a4f00000, 0x00000000a5000000|  0%| F|  |TAMS 0x00000000a4f00000, 0x00000000a4f00000| Untracked 
|  80|0x00000000a5000000, 0x00000000a5000000, 0x00000000a5100000|  0%| F|  |TAMS 0x00000000a5000000, 0x00000000a5000000| Untracked 
|  81|0x00000000a5100000, 0x00000000a5100000, 0x00000000a5200000|  0%| F|  |TAMS 0x00000000a5100000, 0x00000000a5100000| Untracked 
|  82|0x00000000a5200000, 0x00000000a5200000, 0x00000000a5300000|  0%| F|  |TAMS 0x00000000a5200000, 0x00000000a5200000| Untracked 
|  83|0x00000000a5300000, 0x00000000a5300000, 0x00000000a5400000|  0%| F|  |TAMS 0x00000000a5300000, 0x00000000a5300000| Untracked 
|  84|0x00000000a5400000, 0x00000000a5400000, 0x00000000a5500000|  0%| F|  |TAMS 0x00000000a5400000, 0x00000000a5400000| Untracked 
|  85|0x00000000a5500000, 0x00000000a5500000, 0x00000000a5600000|  0%| F|  |TAMS 0x00000000a5500000, 0x00000000a5500000| Untracked 
|  86|0x00000000a5600000, 0x00000000a5600000, 0x00000000a5700000|  0%| F|  |TAMS 0x00000000a5600000, 0x00000000a5600000| Untracked 
|  87|0x00000000a5700000, 0x00000000a5700000, 0x00000000a5800000|  0%| F|  |TAMS 0x00000000a5700000, 0x00000000a5700000| Untracked 
|  88|0x00000000a5800000, 0x00000000a5800000, 0x00000000a5900000|  0%| F|  |TAMS 0x00000000a5800000, 0x00000000a5800000| Untracked 
|  89|0x00000000a5900000, 0x00000000a5900000, 0x00000000a5a00000|  0%| F|  |TAMS 0x00000000a5900000, 0x00000000a5900000| Untracked 
|  90|0x00000000a5a00000, 0x00000000a5a00000, 0x00000000a5b00000|  0%| F|  |TAMS 0x00000000a5a00000, 0x00000000a5a00000| Untracked 
|  91|0x00000000a5b00000, 0x00000000a5b00000, 0x00000000a5c00000|  0%| F|  |TAMS 0x00000000a5b00000, 0x00000000a5b00000| Untracked 
|  92|0x00000000a5c00000, 0x00000000a5c00000, 0x00000000a5d00000|  0%| F|  |TAMS 0x00000000a5c00000, 0x00000000a5c00000| Untracked 
|  93|0x00000000a5d00000, 0x00000000a5d00000, 0x00000000a5e00000|  0%| F|  |TAMS 0x00000000a5d00000, 0x00000000a5d00000| Untracked 
|  94|0x00000000a5e00000, 0x00000000a5e00000, 0x00000000a5f00000|  0%| F|  |TAMS 0x00000000a5e00000, 0x00000000a5e00000| Untracked 
|  95|0x00000000a5f00000, 0x00000000a5f00000, 0x00000000a6000000|  0%| F|  |TAMS 0x00000000a5f00000, 0x00000000a5f00000| Untracked 
|  96|0x00000000a6000000, 0x00000000a6000000, 0x00000000a6100000|  0%| F|  |TAMS 0x00000000a6000000, 0x00000000a6000000| Untracked 
|  97|0x00000000a6100000, 0x00000000a6100000, 0x00000000a6200000|  0%| F|  |TAMS 0x00000000a6100000, 0x00000000a6100000| Untracked 
|  98|0x00000000a6200000, 0x00000000a6200000, 0x00000000a6300000|  0%| F|  |TAMS 0x00000000a6200000, 0x00000000a6200000| Untracked 
|  99|0x00000000a6300000, 0x00000000a6300000, 0x00000000a6400000|  0%| F|  |TAMS 0x00000000a6300000, 0x00000000a6300000| Untracked 
| 100|0x00000000a6400000, 0x00000000a6400000, 0x00000000a6500000|  0%| F|  |TAMS 0x00000000a6400000, 0x00000000a6400000| Untracked 
| 101|0x00000000a6500000, 0x00000000a6500000, 0x00000000a6600000|  0%| F|  |TAMS 0x00000000a6500000, 0x00000000a6500000| Untracked 
| 102|0x00000000a6600000, 0x00000000a6600000, 0x00000000a6700000|  0%| F|  |TAMS 0x00000000a6600000, 0x00000000a6600000| Untracked 
| 103|0x00000000a6700000, 0x00000000a6700000, 0x00000000a6800000|  0%| F|  |TAMS 0x00000000a6700000, 0x00000000a6700000| Untracked 
| 104|0x00000000a6800000, 0x00000000a6800000, 0x00000000a6900000|  0%| F|  |TAMS 0x00000000a6800000, 0x00000000a6800000| Untracked 
| 105|0x00000000a6900000, 0x00000000a6900000, 0x00000000a6a00000|  0%| F|  |TAMS 0x00000000a6900000, 0x00000000a6900000| Untracked 
| 106|0x00000000a6a00000, 0x00000000a6a00000, 0x00000000a6b00000|  0%| F|  |TAMS 0x00000000a6a00000, 0x00000000a6a00000| Untracked 
| 107|0x00000000a6b00000, 0x00000000a6b00000, 0x00000000a6c00000|  0%| F|  |TAMS 0x00000000a6b00000, 0x00000000a6b00000| Untracked 
| 108|0x00000000a6c00000, 0x00000000a6c00000, 0x00000000a6d00000|  0%| F|  |TAMS 0x00000000a6c00000, 0x00000000a6c00000| Untracked 
| 109|0x00000000a6d00000, 0x00000000a6d00000, 0x00000000a6e00000|  0%| F|  |TAMS 0x00000000a6d00000, 0x00000000a6d00000| Untracked 
| 110|0x00000000a6e00000, 0x00000000a6e00000, 0x00000000a6f00000|  0%| F|  |TAMS 0x00000000a6e00000, 0x00000000a6e00000| Untracked 
| 111|0x00000000a6f00000, 0x00000000a6f00000, 0x00000000a7000000|  0%| F|  |TAMS 0x00000000a6f00000, 0x00000000a6f00000| Untracked 
| 112|0x00000000a7000000, 0x00000000a7000000, 0x00000000a7100000|  0%| F|  |TAMS 0x00000000a7000000, 0x00000000a7000000| Untracked 
| 113|0x00000000a7100000, 0x00000000a7100000, 0x00000000a7200000|  0%| F|  |TAMS 0x00000000a7100000, 0x00000000a7100000| Untracked 
| 114|0x00000000a7200000, 0x00000000a7200000, 0x00000000a7300000|  0%| F|  |TAMS 0x00000000a7200000, 0x00000000a7200000| Untracked 
| 115|0x00000000a7300000, 0x00000000a7300000, 0x00000000a7400000|  0%| F|  |TAMS 0x00000000a7300000, 0x00000000a7300000| Untracked 
| 116|0x00000000a7400000, 0x00000000a7400000, 0x00000000a7500000|  0%| F|  |TAMS 0x00000000a7400000, 0x00000000a7400000| Untracked 
| 117|0x00000000a7500000, 0x00000000a7500000, 0x00000000a7600000|  0%| F|  |TAMS 0x00000000a7500000, 0x00000000a7500000| Untracked 
| 118|0x00000000a7600000, 0x00000000a7600000, 0x00000000a7700000|  0%| F|  |TAMS 0x00000000a7600000, 0x00000000a7600000| Untracked 
| 119|0x00000000a7700000, 0x00000000a7700000, 0x00000000a7800000|  0%| F|  |TAMS 0x00000000a7700000, 0x00000000a7700000| Untracked 
| 120|0x00000000a7800000, 0x00000000a7800000, 0x00000000a7900000|  0%| F|  |TAMS 0x00000000a7800000, 0x00000000a7800000| Untracked 
| 121|0x00000000a7900000, 0x00000000a7900000, 0x00000000a7a00000|  0%| F|  |TAMS 0x00000000a7900000, 0x00000000a7900000| Untracked 
| 122|0x00000000a7a00000, 0x00000000a7a00000, 0x00000000a7b00000|  0%| F|  |TAMS 0x00000000a7a00000, 0x00000000a7a00000| Untracked 
| 123|0x00000000a7b00000, 0x00000000a7b00000, 0x00000000a7c00000|  0%| F|  |TAMS 0x00000000a7b00000, 0x00000000a7b00000| Untracked 
| 124|0x00000000a7c00000, 0x00000000a7c00000, 0x00000000a7d00000|  0%| F|  |TAMS 0x00000000a7c00000, 0x00000000a7c00000| Untracked 
| 125|0x00000000a7d00000, 0x00000000a7d75e28, 0x00000000a7e00000| 46%| S|CS|TAMS 0x00000000a7d00000, 0x00000000a7d00000| Complete 
| 126|0x00000000a7e00000, 0x00000000a7f00000, 0x00000000a7f00000|100%| S|CS|TAMS 0x00000000a7e00000, 0x00000000a7e00000| Complete 
| 127|0x00000000a7f00000, 0x00000000a8000000, 0x00000000a8000000|100%| S|CS|TAMS 0x00000000a7f00000, 0x00000000a7f00000| Complete 
| 128|0x00000000a8000000, 0x00000000a8100000, 0x00000000a8100000|100%| S|CS|TAMS 0x00000000a8000000, 0x00000000a8000000| Complete 
| 129|0x00000000a8100000, 0x00000000a8200000, 0x00000000a8200000|100%| S|CS|TAMS 0x00000000a8100000, 0x00000000a8100000| Complete 
| 130|0x00000000a8200000, 0x00000000a8300000, 0x00000000a8300000|100%| S|CS|TAMS 0x00000000a8200000, 0x00000000a8200000| Complete 
| 131|0x00000000a8300000, 0x00000000a8400000, 0x00000000a8400000|100%| S|CS|TAMS 0x00000000a8300000, 0x00000000a8300000| Complete 
| 132|0x00000000a8400000, 0x00000000a8500000, 0x00000000a8500000|100%| S|CS|TAMS 0x00000000a8400000, 0x00000000a8400000| Complete 
| 133|0x00000000a8500000, 0x00000000a8600000, 0x00000000a8600000|100%| S|CS|TAMS 0x00000000a8500000, 0x00000000a8500000| Complete 
| 134|0x00000000a8600000, 0x00000000a8700000, 0x00000000a8700000|100%| S|CS|TAMS 0x00000000a8600000, 0x00000000a8600000| Complete 
| 135|0x00000000a8700000, 0x00000000a8800000, 0x00000000a8800000|100%| S|CS|TAMS 0x00000000a8700000, 0x00000000a8700000| Complete 
| 136|0x00000000a8800000, 0x00000000a8900000, 0x00000000a8900000|100%| S|CS|TAMS 0x00000000a8800000, 0x00000000a8800000| Complete 
| 137|0x00000000a8900000, 0x00000000a8a00000, 0x00000000a8a00000|100%| S|CS|TAMS 0x00000000a8900000, 0x00000000a8900000| Complete 
| 138|0x00000000a8a00000, 0x00000000a8b00000, 0x00000000a8b00000|100%| S|CS|TAMS 0x00000000a8a00000, 0x00000000a8a00000| Complete 
| 139|0x00000000a8b00000, 0x00000000a8b00000, 0x00000000a8c00000|  0%| F|  |TAMS 0x00000000a8b00000, 0x00000000a8b00000| Untracked 
| 140|0x00000000a8c00000, 0x00000000a8c00000, 0x00000000a8d00000|  0%| F|  |TAMS 0x00000000a8c00000, 0x00000000a8c00000| Untracked 
| 141|0x00000000a8d00000, 0x00000000a8d00000, 0x00000000a8e00000|  0%| F|  |TAMS 0x00000000a8d00000, 0x00000000a8d00000| Untracked 
| 142|0x00000000a8e00000, 0x00000000a8e00000, 0x00000000a8f00000|  0%| F|  |TAMS 0x00000000a8e00000, 0x00000000a8e00000| Untracked 
| 143|0x00000000a8f00000, 0x00000000a8f00000, 0x00000000a9000000|  0%| F|  |TAMS 0x00000000a8f00000, 0x00000000a8f00000| Untracked 
| 144|0x00000000a9000000, 0x00000000a9000000, 0x00000000a9100000|  0%| F|  |TAMS 0x00000000a9000000, 0x00000000a9000000| Untracked 
| 145|0x00000000a9100000, 0x00000000a9100000, 0x00000000a9200000|  0%| F|  |TAMS 0x00000000a9100000, 0x00000000a9100000| Untracked 
| 146|0x00000000a9200000, 0x00000000a9200000, 0x00000000a9300000|  0%| F|  |TAMS 0x00000000a9200000, 0x00000000a9200000| Untracked 
| 147|0x00000000a9300000, 0x00000000a9300000, 0x00000000a9400000|  0%| F|  |TAMS 0x00000000a9300000, 0x00000000a9300000| Untracked 
| 148|0x00000000a9400000, 0x00000000a9400000, 0x00000000a9500000|  0%| F|  |TAMS 0x00000000a9400000, 0x00000000a9400000| Untracked 
| 149|0x00000000a9500000, 0x00000000a9500000, 0x00000000a9600000|  0%| F|  |TAMS 0x00000000a9500000, 0x00000000a9500000| Untracked 
| 150|0x00000000a9600000, 0x00000000a9600000, 0x00000000a9700000|  0%| F|  |TAMS 0x00000000a9600000, 0x00000000a9600000| Untracked 
| 151|0x00000000a9700000, 0x00000000a9700000, 0x00000000a9800000|  0%| F|  |TAMS 0x00000000a9700000, 0x00000000a9700000| Untracked 
| 152|0x00000000a9800000, 0x00000000a9800000, 0x00000000a9900000|  0%| F|  |TAMS 0x00000000a9800000, 0x00000000a9800000| Untracked 
| 153|0x00000000a9900000, 0x00000000a9900000, 0x00000000a9a00000|  0%| F|  |TAMS 0x00000000a9900000, 0x00000000a9900000| Untracked 
| 154|0x00000000a9a00000, 0x00000000a9a00000, 0x00000000a9b00000|  0%| F|  |TAMS 0x00000000a9a00000, 0x00000000a9a00000| Untracked 
| 155|0x00000000a9b00000, 0x00000000a9b00000, 0x00000000a9c00000|  0%| F|  |TAMS 0x00000000a9b00000, 0x00000000a9b00000| Untracked 
| 156|0x00000000a9c00000, 0x00000000a9c00000, 0x00000000a9d00000|  0%| F|  |TAMS 0x00000000a9c00000, 0x00000000a9c00000| Untracked 
| 157|0x00000000a9d00000, 0x00000000a9d00000, 0x00000000a9e00000|  0%| F|  |TAMS 0x00000000a9d00000, 0x00000000a9d00000| Untracked 
| 158|0x00000000a9e00000, 0x00000000a9e00000, 0x00000000a9f00000|  0%| F|  |TAMS 0x00000000a9e00000, 0x00000000a9e00000| Untracked 
| 159|0x00000000a9f00000, 0x00000000a9f00000, 0x00000000aa000000|  0%| F|  |TAMS 0x00000000a9f00000, 0x00000000a9f00000| Untracked 
| 160|0x00000000aa000000, 0x00000000aa000000, 0x00000000aa100000|  0%| F|  |TAMS 0x00000000aa000000, 0x00000000aa000000| Untracked 
| 161|0x00000000aa100000, 0x00000000aa100000, 0x00000000aa200000|  0%| F|  |TAMS 0x00000000aa100000, 0x00000000aa100000| Untracked 
| 162|0x00000000aa200000, 0x00000000aa200000, 0x00000000aa300000|  0%| F|  |TAMS 0x00000000aa200000, 0x00000000aa200000| Untracked 
| 163|0x00000000aa300000, 0x00000000aa300000, 0x00000000aa400000|  0%| F|  |TAMS 0x00000000aa300000, 0x00000000aa300000| Untracked 
| 164|0x00000000aa400000, 0x00000000aa400000, 0x00000000aa500000|  0%| F|  |TAMS 0x00000000aa400000, 0x00000000aa400000| Untracked 
| 165|0x00000000aa500000, 0x00000000aa500000, 0x00000000aa600000|  0%| F|  |TAMS 0x00000000aa500000, 0x00000000aa500000| Untracked 
| 166|0x00000000aa600000, 0x00000000aa600000, 0x00000000aa700000|  0%| F|  |TAMS 0x00000000aa600000, 0x00000000aa600000| Untracked 
| 167|0x00000000aa700000, 0x00000000aa700000, 0x00000000aa800000|  0%| F|  |TAMS 0x00000000aa700000, 0x00000000aa700000| Untracked 
| 168|0x00000000aa800000, 0x00000000aa800000, 0x00000000aa900000|  0%| F|  |TAMS 0x00000000aa800000, 0x00000000aa800000| Untracked 
| 169|0x00000000aa900000, 0x00000000aa900000, 0x00000000aaa00000|  0%| F|  |TAMS 0x00000000aa900000, 0x00000000aa900000| Untracked 
| 170|0x00000000aaa00000, 0x00000000aaa00000, 0x00000000aab00000|  0%| F|  |TAMS 0x00000000aaa00000, 0x00000000aaa00000| Untracked 
| 171|0x00000000aab00000, 0x00000000aab00000, 0x00000000aac00000|  0%| F|  |TAMS 0x00000000aab00000, 0x00000000aab00000| Untracked 
| 172|0x00000000aac00000, 0x00000000aac00000, 0x00000000aad00000|  0%| F|  |TAMS 0x00000000aac00000, 0x00000000aac00000| Untracked 
| 173|0x00000000aad00000, 0x00000000aad00000, 0x00000000aae00000|  0%| F|  |TAMS 0x00000000aad00000, 0x00000000aad00000| Untracked 
| 174|0x00000000aae00000, 0x00000000aae00000, 0x00000000aaf00000|  0%| F|  |TAMS 0x00000000aae00000, 0x00000000aae00000| Untracked 
| 175|0x00000000aaf00000, 0x00000000aaf00000, 0x00000000ab000000|  0%| F|  |TAMS 0x00000000aaf00000, 0x00000000aaf00000| Untracked 
| 176|0x00000000ab000000, 0x00000000ab000000, 0x00000000ab100000|  0%| F|  |TAMS 0x00000000ab000000, 0x00000000ab000000| Untracked 
| 177|0x00000000ab100000, 0x00000000ab100000, 0x00000000ab200000|  0%| F|  |TAMS 0x00000000ab100000, 0x00000000ab100000| Untracked 
| 178|0x00000000ab200000, 0x00000000ab200000, 0x00000000ab300000|  0%| F|  |TAMS 0x00000000ab200000, 0x00000000ab200000| Untracked 
| 179|0x00000000ab300000, 0x00000000ab300000, 0x00000000ab400000|  0%| F|  |TAMS 0x00000000ab300000, 0x00000000ab300000| Untracked 
| 180|0x00000000ab400000, 0x00000000ab400000, 0x00000000ab500000|  0%| F|  |TAMS 0x00000000ab400000, 0x00000000ab400000| Untracked 
| 181|0x00000000ab500000, 0x00000000ab500000, 0x00000000ab600000|  0%| F|  |TAMS 0x00000000ab500000, 0x00000000ab500000| Untracked 
| 182|0x00000000ab600000, 0x00000000ab600000, 0x00000000ab700000|  0%| F|  |TAMS 0x00000000ab600000, 0x00000000ab600000| Untracked 
| 183|0x00000000ab700000, 0x00000000ab700000, 0x00000000ab800000|  0%| F|  |TAMS 0x00000000ab700000, 0x00000000ab700000| Untracked 
| 184|0x00000000ab800000, 0x00000000ab800000, 0x00000000ab900000|  0%| F|  |TAMS 0x00000000ab800000, 0x00000000ab800000| Untracked 
| 185|0x00000000ab900000, 0x00000000ab900000, 0x00000000aba00000|  0%| F|  |TAMS 0x00000000ab900000, 0x00000000ab900000| Untracked 
| 186|0x00000000aba00000, 0x00000000aba00000, 0x00000000abb00000|  0%| F|  |TAMS 0x00000000aba00000, 0x00000000aba00000| Untracked 
| 187|0x00000000abb00000, 0x00000000abb00000, 0x00000000abc00000|  0%| F|  |TAMS 0x00000000abb00000, 0x00000000abb00000| Untracked 
| 188|0x00000000abc00000, 0x00000000abc00000, 0x00000000abd00000|  0%| F|  |TAMS 0x00000000abc00000, 0x00000000abc00000| Untracked 
| 189|0x00000000abd00000, 0x00000000abd00000, 0x00000000abe00000|  0%| F|  |TAMS 0x00000000abd00000, 0x00000000abd00000| Untracked 
| 190|0x00000000abe00000, 0x00000000abe00000, 0x00000000abf00000|  0%| F|  |TAMS 0x00000000abe00000, 0x00000000abe00000| Untracked 
| 191|0x00000000abf00000, 0x00000000abf00000, 0x00000000ac000000|  0%| F|  |TAMS 0x00000000abf00000, 0x00000000abf00000| Untracked 
| 192|0x00000000ac000000, 0x00000000ac000000, 0x00000000ac100000|  0%| F|  |TAMS 0x00000000ac000000, 0x00000000ac000000| Untracked 
| 193|0x00000000ac100000, 0x00000000ac100000, 0x00000000ac200000|  0%| F|  |TAMS 0x00000000ac100000, 0x00000000ac100000| Untracked 
| 194|0x00000000ac200000, 0x00000000ac200000, 0x00000000ac300000|  0%| F|  |TAMS 0x00000000ac200000, 0x00000000ac200000| Untracked 
| 195|0x00000000ac300000, 0x00000000ac300000, 0x00000000ac400000|  0%| F|  |TAMS 0x00000000ac300000, 0x00000000ac300000| Untracked 
| 196|0x00000000ac400000, 0x00000000ac400000, 0x00000000ac500000|  0%| F|  |TAMS 0x00000000ac400000, 0x00000000ac400000| Untracked 
| 197|0x00000000ac500000, 0x00000000ac500000, 0x00000000ac600000|  0%| F|  |TAMS 0x00000000ac500000, 0x00000000ac500000| Untracked 
| 198|0x00000000ac600000, 0x00000000ac600000, 0x00000000ac700000|  0%| F|  |TAMS 0x00000000ac600000, 0x00000000ac600000| Untracked 
| 199|0x00000000ac700000, 0x00000000ac700000, 0x00000000ac800000|  0%| F|  |TAMS 0x00000000ac700000, 0x00000000ac700000| Untracked 
| 200|0x00000000ac800000, 0x00000000ac880800, 0x00000000ac900000| 50%| E|  |TAMS 0x00000000ac800000, 0x00000000ac800000| Complete 
| 201|0x00000000ac900000, 0x00000000aca00000, 0x00000000aca00000|100%| E|CS|TAMS 0x00000000ac900000, 0x00000000ac900000| Complete 
| 202|0x00000000aca00000, 0x00000000acb00000, 0x00000000acb00000|100%| E|CS|TAMS 0x00000000aca00000, 0x00000000aca00000| Complete 
| 203|0x00000000acb00000, 0x00000000acc00000, 0x00000000acc00000|100%| E|CS|TAMS 0x00000000acb00000, 0x00000000acb00000| Complete 
| 204|0x00000000acc00000, 0x00000000acd00000, 0x00000000acd00000|100%| E|CS|TAMS 0x00000000acc00000, 0x00000000acc00000| Complete 
| 205|0x00000000acd00000, 0x00000000ace00000, 0x00000000ace00000|100%| E|CS|TAMS 0x00000000acd00000, 0x00000000acd00000| Complete 
| 206|0x00000000ace00000, 0x00000000acf00000, 0x00000000acf00000|100%| E|CS|TAMS 0x00000000ace00000, 0x00000000ace00000| Complete 
| 207|0x00000000acf00000, 0x00000000ad000000, 0x00000000ad000000|100%| E|CS|TAMS 0x00000000acf00000, 0x00000000acf00000| Complete 
| 208|0x00000000ad000000, 0x00000000ad100000, 0x00000000ad100000|100%| E|CS|TAMS 0x00000000ad000000, 0x00000000ad000000| Complete 
| 209|0x00000000ad100000, 0x00000000ad200000, 0x00000000ad200000|100%| E|CS|TAMS 0x00000000ad100000, 0x00000000ad100000| Complete 
| 210|0x00000000ad200000, 0x00000000ad300000, 0x00000000ad300000|100%| E|CS|TAMS 0x00000000ad200000, 0x00000000ad200000| Complete 
| 211|0x00000000ad300000, 0x00000000ad400000, 0x00000000ad400000|100%| E|CS|TAMS 0x00000000ad300000, 0x00000000ad300000| Complete 
| 212|0x00000000ad400000, 0x00000000ad500000, 0x00000000ad500000|100%| E|CS|TAMS 0x00000000ad400000, 0x00000000ad400000| Complete 
| 213|0x00000000ad500000, 0x00000000ad600000, 0x00000000ad600000|100%| E|CS|TAMS 0x00000000ad500000, 0x00000000ad500000| Complete 
| 214|0x00000000ad600000, 0x00000000ad700000, 0x00000000ad700000|100%| E|CS|TAMS 0x00000000ad600000, 0x00000000ad600000| Complete 
| 215|0x00000000ad700000, 0x00000000ad800000, 0x00000000ad800000|100%| E|CS|TAMS 0x00000000ad700000, 0x00000000ad700000| Complete 
| 216|0x00000000ad800000, 0x00000000ad900000, 0x00000000ad900000|100%| E|CS|TAMS 0x00000000ad800000, 0x00000000ad800000| Complete 
| 217|0x00000000ad900000, 0x00000000ada00000, 0x00000000ada00000|100%| E|CS|TAMS 0x00000000ad900000, 0x00000000ad900000| Complete 
| 218|0x00000000ada00000, 0x00000000adb00000, 0x00000000adb00000|100%| E|CS|TAMS 0x00000000ada00000, 0x00000000ada00000| Complete 
| 219|0x00000000adb00000, 0x00000000adc00000, 0x00000000adc00000|100%| E|CS|TAMS 0x00000000adb00000, 0x00000000adb00000| Complete 
| 220|0x00000000adc00000, 0x00000000add00000, 0x00000000add00000|100%| E|CS|TAMS 0x00000000adc00000, 0x00000000adc00000| Complete 
| 221|0x00000000add00000, 0x00000000ade00000, 0x00000000ade00000|100%| E|CS|TAMS 0x00000000add00000, 0x00000000add00000| Complete 
| 222|0x00000000ade00000, 0x00000000adf00000, 0x00000000adf00000|100%| E|CS|TAMS 0x00000000ade00000, 0x00000000ade00000| Complete 
| 223|0x00000000adf00000, 0x00000000ae000000, 0x00000000ae000000|100%| E|CS|TAMS 0x00000000adf00000, 0x00000000adf00000| Complete 
| 224|0x00000000ae000000, 0x00000000ae100000, 0x00000000ae100000|100%| E|CS|TAMS 0x00000000ae000000, 0x00000000ae000000| Complete 
| 225|0x00000000ae100000, 0x00000000ae200000, 0x00000000ae200000|100%| E|CS|TAMS 0x00000000ae100000, 0x00000000ae100000| Complete 
| 226|0x00000000ae200000, 0x00000000ae300000, 0x00000000ae300000|100%| E|CS|TAMS 0x00000000ae200000, 0x00000000ae200000| Complete 
| 227|0x00000000ae300000, 0x00000000ae400000, 0x00000000ae400000|100%| E|CS|TAMS 0x00000000ae300000, 0x00000000ae300000| Complete 
| 228|0x00000000ae400000, 0x00000000ae500000, 0x00000000ae500000|100%| E|CS|TAMS 0x00000000ae400000, 0x00000000ae400000| Complete 
| 229|0x00000000ae500000, 0x00000000ae600000, 0x00000000ae600000|100%| E|CS|TAMS 0x00000000ae500000, 0x00000000ae500000| Complete 
| 230|0x00000000ae600000, 0x00000000ae700000, 0x00000000ae700000|100%| E|CS|TAMS 0x00000000ae600000, 0x00000000ae600000| Complete 
| 231|0x00000000ae700000, 0x00000000ae800000, 0x00000000ae800000|100%| E|CS|TAMS 0x00000000ae700000, 0x00000000ae700000| Complete 
| 232|0x00000000ae800000, 0x00000000ae900000, 0x00000000ae900000|100%| E|CS|TAMS 0x00000000ae800000, 0x00000000ae800000| Complete 
| 233|0x00000000ae900000, 0x00000000aea00000, 0x00000000aea00000|100%| E|CS|TAMS 0x00000000ae900000, 0x00000000ae900000| Complete 
| 234|0x00000000aea00000, 0x00000000aeb00000, 0x00000000aeb00000|100%| E|CS|TAMS 0x00000000aea00000, 0x00000000aea00000| Complete 
| 235|0x00000000aeb00000, 0x00000000aec00000, 0x00000000aec00000|100%| E|CS|TAMS 0x00000000aeb00000, 0x00000000aeb00000| Complete 
| 236|0x00000000aec00000, 0x00000000aed00000, 0x00000000aed00000|100%| E|CS|TAMS 0x00000000aec00000, 0x00000000aec00000| Complete 
| 237|0x00000000aed00000, 0x00000000aee00000, 0x00000000aee00000|100%| E|CS|TAMS 0x00000000aed00000, 0x00000000aed00000| Complete 
| 238|0x00000000aee00000, 0x00000000aef00000, 0x00000000aef00000|100%| E|CS|TAMS 0x00000000aee00000, 0x00000000aee00000| Complete 
| 239|0x00000000aef00000, 0x00000000af000000, 0x00000000af000000|100%| E|CS|TAMS 0x00000000aef00000, 0x00000000aef00000| Complete 
| 240|0x00000000af000000, 0x00000000af100000, 0x00000000af100000|100%| E|CS|TAMS 0x00000000af000000, 0x00000000af000000| Complete 
| 241|0x00000000af100000, 0x00000000af200000, 0x00000000af200000|100%| E|CS|TAMS 0x00000000af100000, 0x00000000af100000| Complete 
| 242|0x00000000af200000, 0x00000000af300000, 0x00000000af300000|100%| E|CS|TAMS 0x00000000af200000, 0x00000000af200000| Complete 
| 243|0x00000000af300000, 0x00000000af400000, 0x00000000af400000|100%| E|CS|TAMS 0x00000000af300000, 0x00000000af300000| Complete 
| 244|0x00000000af400000, 0x00000000af500000, 0x00000000af500000|100%| E|CS|TAMS 0x00000000af400000, 0x00000000af400000| Complete 
| 245|0x00000000af500000, 0x00000000af600000, 0x00000000af600000|100%| E|CS|TAMS 0x00000000af500000, 0x00000000af500000| Complete 
| 246|0x00000000af600000, 0x00000000af700000, 0x00000000af700000|100%| E|CS|TAMS 0x00000000af600000, 0x00000000af600000| Complete 
| 247|0x00000000af700000, 0x00000000af800000, 0x00000000af800000|100%| E|CS|TAMS 0x00000000af700000, 0x00000000af700000| Complete 
| 248|0x00000000af800000, 0x00000000af900000, 0x00000000af900000|100%| E|CS|TAMS 0x00000000af800000, 0x00000000af800000| Complete 
| 249|0x00000000af900000, 0x00000000afa00000, 0x00000000afa00000|100%| E|CS|TAMS 0x00000000af900000, 0x00000000af900000| Complete 
| 250|0x00000000afa00000, 0x00000000afb00000, 0x00000000afb00000|100%| E|CS|TAMS 0x00000000afa00000, 0x00000000afa00000| Complete 
| 251|0x00000000afb00000, 0x00000000afc00000, 0x00000000afc00000|100%| E|CS|TAMS 0x00000000afb00000, 0x00000000afb00000| Complete 
| 252|0x00000000afc00000, 0x00000000afd00000, 0x00000000afd00000|100%| E|CS|TAMS 0x00000000afc00000, 0x00000000afc00000| Complete 
| 253|0x00000000afd00000, 0x00000000afe00000, 0x00000000afe00000|100%| E|CS|TAMS 0x00000000afd00000, 0x00000000afd00000| Complete 

Card table byte_map: [0x00000118f4d80000,0x00000118f5080000] _byte_map_base: 0x00000118f4880000

Marking Bits (Prev, Next): (CMBitMap*) 0x00000118f0c6d8a8, (CMBitMap*) 0x00000118f0c6d8e0
 Prev Bits: [0x00000118f5380000, 0x00000118f6b80000)
 Next Bits: [0x00000118f6b80000, 0x00000118f8380000)

Polling page: 0x00000118eebf0000

Metaspace:

Usage:
  Non-class:     41.59 MB capacity,    40.88 MB ( 98%) used,   611.20 KB (  1%) free+waste,   124.38 KB ( <1%) overhead. 
      Class:      6.37 MB capacity,     5.95 MB ( 93%) used,   369.86 KB (  6%) free+waste,    59.88 KB ( <1%) overhead. 
       Both:     47.97 MB capacity,    46.83 MB ( 98%) used,   981.05 KB (  2%) free+waste,   184.25 KB ( <1%) overhead. 

Virtual space:
  Non-class space:       42.00 MB reserved,      41.83 MB (>99%) committed 
      Class space:        1.00 GB reserved,       6.38 MB ( <1%) committed 
             Both:        1.04 GB reserved,      48.20 MB (  5%) committed 

Chunk freelists:
   Non-Class:  47.00 KB
       Class:  2.00 KB
        Both:  49.00 KB

MaxMetaspaceSize: 17179869184.00 GB
CompressedClassSpaceSize: 1.00 GB
Initial GC threshold: 20.80 MB
Current GC threshold: 58.88 MB
CDS: off

CodeHeap 'non-profiled nmethods': size=120000Kb used=2747Kb max_used=2747Kb free=117252Kb
 bounds [0x0000011887ad0000, 0x0000011887d80000, 0x000001188f000000]
CodeHeap 'profiled nmethods': size=120000Kb used=9079Kb max_used=9079Kb free=110920Kb
 bounds [0x00000118805a0000, 0x0000011880e80000, 0x0000011887ad0000]
CodeHeap 'non-nmethods': size=5760Kb used=2306Kb max_used=2363Kb free=3454Kb
 bounds [0x0000011880000000, 0x0000011880270000, 0x00000118805a0000]
 total_blobs=5153 nmethods=4359 adapters=706
 compilation: enabled
              stopped_count=0, restarted_count=0
 full_count=0

Compilation events (20 events):
Event: 11.863 Thread 0x00000118fb6b8800 4281       3       com.google.common.collect.RegularImmutableSet::contains (56 bytes)
Event: 11.863 Thread 0x00000118fb6b8800 nmethod 4281 0x0000011880e65510 code [0x0000011880e65720, 0x0000011880e65d58]
Event: 11.863 Thread 0x00000118fb6b8800 4280       3       com.esotericsoftware.kryo.io.Output::writeUtf8Length (405 bytes)
Event: 11.864 Thread 0x00000118fb6b8800 nmethod 4280 0x0000011880e65f90 code [0x0000011880e661e0, 0x0000011880e66928]
Event: 11.865 Thread 0x00000118fb6b8800 4282       1       org.gradle.api.internal.artifacts.ivyservice.modulecache.ModuleComponentAtRepositoryKey::hashCode (5 bytes)
Event: 11.865 Thread 0x00000118fb6b8800 nmethod 4282 0x0000011887d6fb10 code [0x0000011887d6fcc0, 0x0000011887d6fd78]
Event: 11.866 Thread 0x00000118fb6b8800 4283       3       com.google.common.collect.AbstractIterator::hasNext (65 bytes)
Event: 11.867 Thread 0x00000118fb6b8800 nmethod 4283 0x0000011880e66c90 code [0x0000011880e66e80, 0x0000011880e67258]
Event: 11.867 Thread 0x00000118fb6b8800 4284       3       com.google.common.cache.LocalCache$Segment::postReadCleanup (18 bytes)
Event: 11.867 Thread 0x00000118fb6b8800 nmethod 4284 0x0000011880e67410 code [0x0000011880e67620, 0x0000011880e67c48]
Event: 11.869 Thread 0x00000118fb6b3800 4285       4       java.lang.invoke.DirectMethodHandle$Holder::invokeStatic (15 bytes)
Event: 11.869 Thread 0x00000118fb6b8800 4288       3       com.google.common.cache.LocalCache::connectAccessOrder (15 bytes)
Event: 11.869 Thread 0x00000118fb6b8800 nmethod 4288 0x0000011880e67e90 code [0x0000011880e68060, 0x0000011880e682d8]
Event: 11.869 Thread 0x00000118fb6b8800 4286       1       com.google.common.cache.LocalCache$StrongAccessEntry::getPreviousInAccessQueue (5 bytes)
Event: 11.870 Thread 0x00000118fb6b8800 nmethod 4286 0x0000011887d6fe10 code [0x0000011887d6ffc0, 0x0000011887d70078]
Event: 11.870 Thread 0x00000118fb6b8800 4287       1       com.google.common.cache.LocalCache$AccessQueue$1::getPreviousInAccessQueue (5 bytes)
Event: 11.870 Thread 0x00000118fb6b8800 nmethod 4287 0x0000011887d70110 code [0x0000011887d702c0, 0x0000011887d70378]
Event: 11.870 Thread 0x00000118fb6b8800 4289       1       com.google.common.cache.LocalCache$AccessQueue$1::setPreviousInAccessQueue (6 bytes)
Event: 11.870 Thread 0x00000118fb6b8800 nmethod 4289 0x0000011887d70410 code [0x0000011887d705c0, 0x0000011887d706b8]
Event: 11.870 Thread 0x00000118fb6b3800 nmethod 4285 0x0000011887d70710 code [0x0000011887d708c0, 0x0000011887d70968]

GC Heap History (10 events):
Event: 1.690 GC heap before
{Heap before GC invocations=0 (full 0):
 garbage-first heap   total 260096K, used 29696K [0x00000000a0000000, 0x0000000100000000)
  region size 1024K, 24 young (24576K), 0 survivors (0K)
 Metaspace       used 10160K, capacity 10341K, committed 10624K, reserved 1058816K
  class space    used 1036K, capacity 1108K, committed 1152K, reserved 1048576K
}
Event: 1.697 GC heap after
{Heap after GC invocations=1 (full 0):
 garbage-first heap   total 260096K, used 9370K [0x00000000a0000000, 0x0000000100000000)
  region size 1024K, 3 young (3072K), 3 survivors (3072K)
 Metaspace       used 10160K, capacity 10341K, committed 10624K, reserved 1058816K
  class space    used 1036K, capacity 1108K, committed 1152K, reserved 1048576K
}
Event: 5.881 GC heap before
{Heap before GC invocations=1 (full 0):
 garbage-first heap   total 260096K, used 103578K [0x00000000a0000000, 0x0000000100000000)
  region size 1024K, 95 young (97280K), 3 survivors (3072K)
 Metaspace       used 20735K, capacity 21146K, committed 21296K, reserved 1069056K
  class space    used 2484K, capacity 2629K, committed 2688K, reserved 1048576K
}
Event: 5.895 GC heap after
{Heap after GC invocations=2 (full 0):
 garbage-first heap   total 260096K, used 16920K [0x00000000a0000000, 0x0000000100000000)
  region size 1024K, 11 young (11264K), 11 survivors (11264K)
 Metaspace       used 20735K, capacity 21146K, committed 21296K, reserved 1069056K
  class space    used 2484K, capacity 2629K, committed 2688K, reserved 1048576K
}
Event: 7.165 GC heap before
{Heap before GC invocations=3 (full 0):
 garbage-first heap   total 260096K, used 80408K [0x00000000a0000000, 0x0000000100000000)
  region size 1024K, 73 young (74752K), 11 survivors (11264K)
 Metaspace       used 27127K, capacity 27727K, committed 27824K, reserved 1073152K
  class space    used 3502K, capacity 3769K, committed 3840K, reserved 1048576K
}
Event: 7.173 GC heap after
{Heap after GC invocations=4 (full 0):
 garbage-first heap   total 260096K, used 19513K [0x00000000a0000000, 0x0000000100000000)
  region size 1024K, 3 young (3072K), 3 survivors (3072K)
 Metaspace       used 27127K, capacity 27727K, committed 27824K, reserved 1073152K
  class space    used 3502K, capacity 3769K, committed 3840K, reserved 1048576K
}
Event: 8.410 GC heap before
{Heap before GC invocations=4 (full 0):
 garbage-first heap   total 260096K, used 76857K [0x00000000a0000000, 0x0000000100000000)
  region size 1024K, 60 young (61440K), 3 survivors (3072K)
 Metaspace       used 35042K, capacity 35802K, committed 35920K, reserved 1081344K
  class space    used 4490K, capacity 4823K, committed 4864K, reserved 1048576K
}
Event: 8.423 GC heap after
{Heap after GC invocations=5 (full 0):
 garbage-first heap   total 260096K, used 22187K [0x00000000a0000000, 0x0000000100000000)
  region size 1024K, 6 young (6144K), 6 survivors (6144K)
 Metaspace       used 35042K, capacity 35802K, committed 35920K, reserved 1081344K
  class space    used 4490K, capacity 4823K, committed 4864K, reserved 1048576K
}
Event: 10.772 GC heap before
{Heap before GC invocations=6 (full 0):
 garbage-first heap   total 260096K, used 137899K [0x00000000a0000000, 0x0000000100000000)
  region size 1024K, 115 young (117760K), 6 survivors (6144K)
 Metaspace       used 44449K, capacity 45489K, committed 45520K, reserved 1089536K
  class space    used 5598K, capacity 5994K, committed 6016K, reserved 1048576K
}
Event: 10.785 GC heap after
{Heap after GC invocations=7 (full 0):
 garbage-first heap   total 260096K, used 30502K [0x00000000a0000000, 0x0000000100000000)
  region size 1024K, 14 young (14336K), 14 survivors (14336K)
 Metaspace       used 44449K, capacity 45489K, committed 45520K, reserved 1089536K
  class space    used 5598K, capacity 5994K, committed 6016K, reserved 1048576K
}

Deoptimization events (20 events):
Event: 10.482 Thread 0x00000118fb6b1800 DEOPT PACKING pc=0x0000011880ba2c79 sp=0x00000007d37f88f0
Event: 10.482 Thread 0x00000118fb6b1800 DEOPT UNPACKING pc=0x0000011880049d0e sp=0x00000007d37f7e38 mode 0
Event: 11.331 Thread 0x00000118fb6b1800 DEOPT PACKING pc=0x0000011880ba2c79 sp=0x00000007d37f7630
Event: 11.331 Thread 0x00000118fb6b1800 DEOPT UNPACKING pc=0x0000011880049d0e sp=0x00000007d37f6b78 mode 0
Event: 11.333 Thread 0x00000118fb6b1800 Uncommon trap: trap_request=0xffffff4d fr.pc=0x0000011887cae700 relative=0x0000000000003c60
Event: 11.333 Thread 0x00000118fb6b1800 Uncommon trap: reason=unstable_if action=reinterpret pc=0x0000011887cae700 method=jdk.internal.org.objectweb.asm.Frame.execute(IILjdk/internal/org/objectweb/asm/ClassWriter;Ljdk/internal/org/objectweb/asm/Item;)V @ 1 c2
Event: 11.333 Thread 0x00000118fb6b1800 DEOPT PACKING pc=0x0000011887cae700 sp=0x00000007d37f7400
Event: 11.333 Thread 0x00000118fb6b1800 DEOPT UNPACKING pc=0x00000118800085af sp=0x00000007d37f73c8 mode 2
Event: 11.337 Thread 0x00000118fb6b1800 DEOPT PACKING pc=0x0000011880ba2c79 sp=0x00000007d37f71b0
Event: 11.337 Thread 0x00000118fb6b1800 DEOPT UNPACKING pc=0x0000011880049d0e sp=0x00000007d37f66f8 mode 0
Event: 11.525 Thread 0x00000118fb6b1800 Uncommon trap: trap_request=0xffffff4d fr.pc=0x0000011887b32100 relative=0x00000000000001c0
Event: 11.525 Thread 0x00000118fb6b1800 Uncommon trap: reason=unstable_if action=reinterpret pc=0x0000011887b32100 method=java.net.URI$Parser.scan(IILjava/lang/String;)I @ 26 c2
Event: 11.525 Thread 0x00000118fb6b1800 DEOPT PACKING pc=0x0000011887b32100 sp=0x00000007d37f8740
Event: 11.525 Thread 0x00000118fb6b1800 DEOPT UNPACKING pc=0x00000118800085af sp=0x00000007d37f86d0 mode 2
Event: 11.834 Thread 0x00000118fb6b1800 DEOPT PACKING pc=0x000001188066a41b sp=0x00000007d37f7b30
Event: 11.834 Thread 0x00000118fb6b1800 DEOPT UNPACKING pc=0x0000011880049d0e sp=0x00000007d37f7070 mode 0
Event: 11.834 Thread 0x00000118fb6b1800 Uncommon trap: trap_request=0xffffff4d fr.pc=0x0000011887af9680 relative=0x0000000000000060
Event: 11.834 Thread 0x00000118fb6b1800 Uncommon trap: reason=unstable_if action=reinterpret pc=0x0000011887af9680 method=java.io.WinNTFileSystem.isSlash(C)Z @ 9 c2
Event: 11.834 Thread 0x00000118fb6b1800 DEOPT PACKING pc=0x0000011887af9680 sp=0x00000007d37f7b70
Event: 11.834 Thread 0x00000118fb6b1800 DEOPT UNPACKING pc=0x00000118800085af sp=0x00000007d37f7af8 mode 2

Classes redefined (0 events):
No events

Internal exceptions (20 events):
Event: 10.794 Thread 0x00000118fb6b1800 Exception <a 'java/lang/ClassNotFoundException'{0x00000000afc74b38}: org/gradle/api/internal/DefaultDomainObjectCollectionBeanInfo> (0x00000000afc74b38) thrown at [src/hotspot/share/classfile/systemDictionary.cpp, line 230]
Event: 10.795 Thread 0x00000118fb6b1800 Exception <a 'java/lang/ClassNotFoundException'{0x00000000afca1890}: org/gradle/api/internal/DefaultDomainObjectCollectionCustomizer> (0x00000000afca1890) thrown at [src/hotspot/share/classfile/systemDictionary.cpp, line 230]
Event: 10.798 Thread 0x00000118fb6b1800 Exception <a 'java/lang/ClassNotFoundException'{0x00000000afcec6f0}: org/gradle/api/internal/DefaultNamedDomainObjectCollectionCustomizer> (0x00000000afcec6f0) thrown at [src/hotspot/share/classfile/systemDictionary.cpp, line 230]
Event: 10.805 Thread 0x00000118fb6b1800 Exception <a 'java/lang/ClassNotFoundException'{0x00000000afb4b880}: org/gradle/api/internal/DefaultNamedDomainObjectListCustomizer> (0x00000000afb4b880) thrown at [src/hotspot/share/classfile/systemDictionary.cpp, line 230]
Event: 10.809 Thread 0x00000118fb6b1800 Exception <a 'java/lang/ClassNotFoundException'{0x00000000afba2f40}: org/gradle/api/internal/artifacts/DefaultArtifactRepositoryContainerCustomizer> (0x00000000afba2f40) thrown at [src/hotspot/share/classfile/systemDictionary.cpp, line 230]
Event: 10.812 Thread 0x00000118fb6b1800 Exception <a 'java/lang/ClassNotFoundException'{0x00000000afbef308}: org/gradle/api/internal/artifacts/dsl/DefaultRepositoryHandlerCustomizer> (0x00000000afbef308) thrown at [src/hotspot/share/classfile/systemDictionary.cpp, line 230]
Event: 10.817 Thread 0x00000118fb6b1800 Exception <a 'java/lang/ClassNotFoundException'{0x00000000afa4e720}: org/gradle/api/internal/artifacts/dsl/DefaultRepositoryHandler_DecoratedCustomizer> (0x00000000afa4e720) thrown at [src/hotspot/share/classfile/systemDictionary.cpp, line 230]
Event: 11.077 Thread 0x00000118fb6b1800 Exception <a 'java/lang/ClassNotFoundException'{0x00000000aeda2f38}: org/gradle/api/internal/artifacts/dsl/dependencies/DefaultDependencyHandler_DecoratedBeanInfo> (0x00000000aeda2f38) thrown at [src/hotspot/share/classfile/systemDictionary.cpp, line 230]
Event: 11.078 Thread 0x00000118fb6b1800 Exception <a 'java/lang/ClassNotFoundException'{0x00000000aede31c0}: org/gradle/api/internal/artifacts/dsl/dependencies/DefaultDependencyHandlerBeanInfo> (0x00000000aede31c0) thrown at [src/hotspot/share/classfile/systemDictionary.cpp, line 230]
Event: 11.079 Thread 0x00000118fb6b1800 Exception <a 'java/lang/ClassNotFoundException'{0x00000000aec23b68}: org/gradle/api/internal/artifacts/dsl/dependencies/DefaultDependencyHandlerCustomizer> (0x00000000aec23b68) thrown at [src/hotspot/share/classfile/systemDictionary.cpp, line 230]
Event: 11.081 Thread 0x00000118fb6b1800 Exception <a 'java/lang/ClassNotFoundException'{0x00000000aec8f188}: org/gradle/api/internal/artifacts/dsl/dependencies/DefaultDependencyHandler_DecoratedCustomizer> (0x00000000aec8f188) thrown at [src/hotspot/share/classfile/systemDictionary.cpp, line 230]
Event: 11.148 Thread 0x00000118fb6b1800 Exception <a 'java/lang/NoSuchMethodError'{0x00000000ae99edd8}: 'java.lang.Object java.lang.invoke.DirectMethodHandle$Holder.invokeStatic(java.lang.Object, int, java.lang.Object)'> (0x00000000ae99edd8) thrown at [src/hotspot/share/interpreter/linkResolver.cpp, line 773]
Event: 11.331 Thread 0x00000118fb6b1800 Exception <a 'java/lang/NoSuchMethodError'{0x00000000ae3f1748}: 'java.lang.Object java.lang.invoke.DelegatingMethodHandle$Holder.reinvoke_L(java.lang.Object, java.lang.Object, java.lang.Object, java.lang.Object, java.lang.Object, java.lang.Object, java.lang.Object, java.lang.Object, java.lang.Object, java.lang.Object, java.lang.Object, java.lang.Object, java.lang.Object, java.lang.Object, java.lang.Object, java.lang.Object, java.lang.Object, java.lang.Object, java.lang.Object, java.lang.Object, java.lang.O
Event: 11.332 Thread 0x00000118fb6b1800 Exception <a 'java/lang/NoSuchMethodError'{0x00000000ae3fd3a8}: 'java.lang.Object java.lang.invoke.Invokers$Holder.invoker(java.lang.Object, java.lang.Object, java.lang.Object, java.lang.Object, java.lang.Object, java.lang.Object, java.lang.Object, java.lang.Object, java.lang.Object, java.lang.Object, java.lang.Object, java.lang.Object, java.lang.Object, java.lang.Object, java.lang.Object, java.lang.Object, java.lang.Object, java.lang.Object, java.lang.Object, java.lang.Object, java.lang.Object)'> (0x00000
Event: 11.333 Thread 0x00000118fb6b1800 Exception <a 'java/lang/NoSuchMethodError'{0x00000000ae204bc0}: 'java.lang.Object java.lang.invoke.DelegatingMethodHandle$Holder.delegate(java.lang.Object, java.lang.Object, java.lang.Object, java.lang.Object, java.lang.Object, java.lang.Object, java.lang.Object, java.lang.Object, java.lang.Object, java.lang.Object, java.lang.Object, java.lang.Object, java.lang.Object, java.lang.Object, java.lang.Object, java.lang.Object, java.lang.Object, java.lang.Object, java.lang.Object, java.lang.Object, java.lang.Obj
Event: 11.342 Thread 0x00000118fb6b1800 Exception <a 'java/lang/NoSuchMethodError'{0x00000000ae24d930}: 'java.lang.Object java.lang.invoke.DirectMethodHandle$Holder.invokeStatic(java.lang.Object, java.lang.Object, java.lang.Object, java.lang.Object, java.lang.Object, java.lang.Object, java.lang.Object, java.lang.Object, java.lang.Object, java.lang.Object, java.lang.Object, java.lang.Object, java.lang.Object, java.lang.Object, java.lang.Object)'> (0x00000000ae24d930) thrown at [src/hotspot/share/interpreter/linkResolver.cpp, line 773]
Event: 11.345 Thread 0x00000118fb6b1800 Exception <a 'java/lang/NoSuchMethodError'{0x00000000ae25e210}: 'java.lang.Object java.lang.invoke.DirectMethodHandle$Holder.invokeStatic(java.lang.Object, java.lang.Object, java.lang.Object, java.lang.Object, java.lang.Object, java.lang.Object, java.lang.Object, java.lang.Object, java.lang.Object, java.lang.Object, java.lang.Object, java.lang.Object, java.lang.Object, java.lang.Object, java.lang.Object, java.lang.Object)'> (0x00000000ae25e210) thrown at [src/hotspot/share/interpreter/linkResolver.cpp, lin
Event: 11.346 Thread 0x00000118fb6b1800 Exception <a 'java/lang/NoSuchMethodError'{0x00000000ae26ea00}: 'java.lang.Object java.lang.invoke.DelegatingMethodHandle$Holder.reinvoke_L(java.lang.Object, java.lang.Object, java.lang.Object, java.lang.Object, java.lang.Object, java.lang.Object, java.lang.Object, java.lang.Object, java.lang.Object, java.lang.Object, java.lang.Object, java.lang.Object, java.lang.Object, java.lang.Object, java.lang.Object, java.lang.Object, java.lang.Object, java.lang.Object, java.lang.Object, java.lang.Object)'> (0x000000
Event: 11.418 Thread 0x00000118fb6b1800 Exception <a 'java/lang/IncompatibleClassChangeError'{0x00000000ade38fc8}: Found class java.lang.Object, but interface was expected> (0x00000000ade38fc8) thrown at [src/hotspot/share/interpreter/linkResolver.cpp, line 839]
Event: 11.761 Thread 0x00000118fb6b1800 Exception <a 'java/lang/NoSuchMethodError'{0x00000000acdec4a0}: 'int java.lang.invoke.DirectMethodHandle$Holder.invokeStaticInit(java.lang.Object)'> (0x00000000acdec4a0) thrown at [src/hotspot/share/interpreter/linkResolver.cpp, line 773]

Events (20 events):
Event: 11.783 loading class org/gradle/internal/component/model/MultipleCandidateMatcher$MatchResult
Event: 11.783 loading class org/gradle/internal/component/model/MultipleCandidateMatcher$MatchResult done
Event: 11.784 loading class org/gradle/internal/component/model/DefaultSelectedByVariantMatchingConfigurationMetadata
Event: 11.784 loading class org/gradle/internal/component/model/DefaultSelectedByVariantMatchingConfigurationMetadata done
Event: 11.785 loading class org/gradle/api/internal/artifacts/ResolvedConfigurationIdentifier
Event: 11.785 loading class org/gradle/api/internal/artifacts/ResolvedConfigurationIdentifier done
Event: 11.786 loading class org/gradle/api/internal/artifacts/ResolvedConfigurationIdentifier
Event: 11.786 loading class org/gradle/api/internal/artifacts/ResolvedConfigurationIdentifier done
Event: 11.786 loading class org/gradle/api/internal/artifacts/ivyservice/resolveengine/graph/builder/ResolveState
Event: 11.786 loading class org/gradle/api/internal/artifacts/ivyservice/resolveengine/graph/builder/ResolveState done
Event: 11.791 loading class org/gradle/api/internal/artifacts/ivyservice/resolveengine/excludes/specs/ExcludeSpec
Event: 11.791 loading class org/gradle/api/internal/artifacts/ivyservice/resolveengine/excludes/specs/ExcludeSpec done
Event: 11.791 loading class org/gradle/api/internal/artifacts/ivyservice/resolveengine/excludes/specs/ExcludeSpec
Event: 11.791 loading class org/gradle/api/internal/artifacts/ivyservice/resolveengine/excludes/specs/ExcludeSpec done
Event: 11.791 loading class org/gradle/api/internal/artifacts/ivyservice/resolveengine/excludes/factories/OptimizingExcludeFactory
Event: 11.791 loading class org/gradle/api/internal/artifacts/ivyservice/resolveengine/excludes/factories/OptimizingExcludeFactory done
Event: 11.792 loading class org/gradle/api/internal/artifacts/ivyservice/resolveengine/excludes/factories/Optimizations
Event: 11.792 loading class org/gradle/api/internal/artifacts/ivyservice/resolveengine/excludes/factories/Optimizations done
Event: 11.798 loading class org/gradle/internal/component/external/model/maven/MavenDependencyType
Event: 11.798 loading class org/gradle/internal/component/external/model/maven/MavenDependencyType done


Dynamic libraries:
0x00007ff733d70000 - 0x00007ff733d7a000 	C:\Program Files\Android\Android Studio\jbr\bin\java.exe
0x00007ffa9c470000 - 0x00007ffa9c684000 	C:\WINDOWS\SYSTEM32\ntdll.dll
0x00007ffa9b560000 - 0x00007ffa9b622000 	C:\WINDOWS\System32\KERNEL32.DLL
0x00007ffa99b80000 - 0x00007ffa99f23000 	C:\WINDOWS\System32\KERNELBASE.dll
0x00007ffa9a040000 - 0x00007ffa9a151000 	C:\WINDOWS\System32\ucrtbase.dll
0x00007ffa70480000 - 0x00007ffa70497000 	C:\Program Files\Android\Android Studio\jbr\bin\jli.dll
0x00007ffa70300000 - 0x00007ffa7031b000 	C:\Program Files\Android\Android Studio\jbr\bin\VCRUNTIME140.dll
0x00007ffa9b980000 - 0x00007ffa9bb2b000 	C:\WINDOWS\System32\USER32.dll
0x00007ffa7d4d0000 - 0x00007ffa7d75e000 	C:\WINDOWS\WinSxS\amd64_microsoft.windows.common-controls_6595b64144ccf1df_6.0.22621.1635_none_270f70857386168e\COMCTL32.dll
0x00007ffa9a220000 - 0x00007ffa9a246000 	C:\WINDOWS\System32\win32u.dll
0x00007ffa9bb50000 - 0x00007ffa9bbf7000 	C:\WINDOWS\System32\msvcrt.dll
0x00007ffa9b930000 - 0x00007ffa9b959000 	C:\WINDOWS\System32\GDI32.dll
0x00007ffa99a60000 - 0x00007ffa99b79000 	C:\WINDOWS\System32\gdi32full.dll
0x00007ffa99f30000 - 0x00007ffa99fca000 	C:\WINDOWS\System32\msvcp_win.dll
0x00007ffa9b8f0000 - 0x00007ffa9b921000 	C:\WINDOWS\System32\IMM32.DLL
0x00007ffa82050000 - 0x00007ffa8205c000 	C:\Program Files\Android\Android Studio\jbr\bin\vcruntime140_1.dll
0x00007ffa54fa0000 - 0x00007ffa5502d000 	C:\Program Files\Android\Android Studio\jbr\bin\msvcp140.dll
0x00007ffa165f0000 - 0x00007ffa171ac000 	C:\Program Files\Android\Android Studio\jbr\bin\server\jvm.dll
0x00007ffa9b690000 - 0x00007ffa9b73e000 	C:\WINDOWS\System32\ADVAPI32.dll
0x00007ffa9bc60000 - 0x00007ffa9bd04000 	C:\WINDOWS\System32\sechost.dll
0x00007ffa9bd10000 - 0x00007ffa9be27000 	C:\WINDOWS\System32\RPCRT4.dll
0x00007ffa9a850000 - 0x00007ffa9a858000 	C:\WINDOWS\System32\PSAPI.DLL
0x00007ffa60570000 - 0x00007ffa60579000 	C:\WINDOWS\SYSTEM32\WSOCK32.dll
0x00007ffa91960000 - 0x00007ffa91994000 	C:\WINDOWS\SYSTEM32\WINMM.dll
0x00007ffa9b120000 - 0x00007ffa9b191000 	C:\WINDOWS\System32\WS2_32.dll
0x00007ffa92540000 - 0x00007ffa9254a000 	C:\WINDOWS\SYSTEM32\VERSION.dll
0x00007ffa98970000 - 0x00007ffa98988000 	C:\WINDOWS\SYSTEM32\kernel.appcore.dll
0x00007ffa7ff80000 - 0x00007ffa7ff90000 	C:\Program Files\Android\Android Studio\jbr\bin\verify.dll
0x00007ffa97200000 - 0x00007ffa9742e000 	C:\WINDOWS\SYSTEM32\DBGHELP.DLL
0x00007ffa9bee0000 - 0x00007ffa9c269000 	C:\WINDOWS\System32\combase.dll
0x00007ffa9a750000 - 0x00007ffa9a827000 	C:\WINDOWS\System32\OLEAUT32.dll
0x00007ffa848b0000 - 0x00007ffa848e2000 	C:\WINDOWS\SYSTEM32\dbgcore.DLL
0x00007ffa999e0000 - 0x00007ffa99a5b000 	C:\WINDOWS\System32\bcryptPrimitives.dll
0x00007ffa63660000 - 0x00007ffa63688000 	C:\Program Files\Android\Android Studio\jbr\bin\java.dll
0x00007ffa7fe60000 - 0x00007ffa7fe6a000 	C:\Program Files\Android\Android Studio\jbr\bin\jimage.dll
0x00007ffa70220000 - 0x00007ffa70238000 	C:\Program Files\Android\Android Studio\jbr\bin\zip.dll
0x00007ffa9a860000 - 0x00007ffa9b05a000 	C:\WINDOWS\System32\SHELL32.dll
0x00007ffa97820000 - 0x00007ffa980ee000 	C:\WINDOWS\SYSTEM32\windows.storage.dll
0x00007ffa976e0000 - 0x00007ffa9781e000 	C:\WINDOWS\SYSTEM32\wintypes.dll
0x00007ffa9b1a0000 - 0x00007ffa9b291000 	C:\WINDOWS\System32\SHCORE.dll
0x00007ffa9bc00000 - 0x00007ffa9bc5e000 	C:\WINDOWS\System32\shlwapi.dll
0x00007ffa997a0000 - 0x00007ffa997c1000 	C:\WINDOWS\SYSTEM32\profapi.dll
0x00007ffa6f690000 - 0x00007ffa6f6a9000 	C:\Program Files\Android\Android Studio\jbr\bin\net.dll
0x00007ffa90990000 - 0x00007ffa90ac7000 	C:\WINDOWS\SYSTEM32\WINHTTP.dll
0x00007ffa98de0000 - 0x00007ffa98e49000 	C:\WINDOWS\system32\mswsock.dll
0x00007ffa6ea50000 - 0x00007ffa6ea63000 	C:\Program Files\Android\Android Studio\jbr\bin\nio.dll
0x00007ffa4c450000 - 0x00007ffa4c477000 	C:\Users\DELL\.gradle\native\e1d6ef7f7dcc3fd88c89a11ec53ec762bb8ba0a96d01ffa2cd45eb1d1d8dd5c5\windows-amd64\native-platform.dll
0x00007ffa4fba0000 - 0x00007ffa4fce4000 	C:\Users\DELL\.gradle\native\0d407fdbe67a94daf76414ababcb853783967236a71b16ec16e742cd7a986fd3\windows-amd64\native-platform-file-events.dll
0x00007ffa7fe00000 - 0x00007ffa7fe0a000 	C:\Program Files\Android\Android Studio\jbr\bin\management.dll
0x00007ffa7fd40000 - 0x00007ffa7fd4b000 	C:\Program Files\Android\Android Studio\jbr\bin\management_ext.dll
0x00007ffa99090000 - 0x00007ffa990ab000 	C:\WINDOWS\SYSTEM32\CRYPTSP.dll
0x00007ffa988e0000 - 0x00007ffa98915000 	C:\WINDOWS\system32\rsaenh.dll
0x00007ffa98f00000 - 0x00007ffa98f28000 	C:\WINDOWS\SYSTEM32\USERENV.dll
0x00007ffa99220000 - 0x00007ffa99248000 	C:\WINDOWS\SYSTEM32\bcrypt.dll
0x00007ffa99080000 - 0x00007ffa9908c000 	C:\WINDOWS\SYSTEM32\CRYPTBASE.dll
0x00007ffa983d0000 - 0x00007ffa983fd000 	C:\WINDOWS\SYSTEM32\IPHLPAPI.DLL
0x00007ffa9bb30000 - 0x00007ffa9bb39000 	C:\WINDOWS\System32\NSI.dll
0x00007ffa90900000 - 0x00007ffa90919000 	C:\WINDOWS\SYSTEM32\dhcpcsvc6.DLL
0x00007ffa908e0000 - 0x00007ffa908ff000 	C:\WINDOWS\SYSTEM32\dhcpcsvc.DLL
0x00007ffa98440000 - 0x00007ffa98533000 	C:\WINDOWS\SYSTEM32\DNSAPI.dll

dbghelp: loaded successfully - version: 4.0.5 - missing functions: none
symbol engine: initialized successfully - sym options: 0x614 - pdb path: .;C:\Program Files\Android\Android Studio\jbr\bin;C:\WINDOWS\SYSTEM32;C:\WINDOWS\WinSxS\amd64_microsoft.windows.common-controls_6595b64144ccf1df_6.0.22621.1635_none_270f70857386168e;C:\Program Files\Android\Android Studio\jbr\bin\server;C:\Users\DELL\.gradle\native\e1d6ef7f7dcc3fd88c89a11ec53ec762bb8ba0a96d01ffa2cd45eb1d1d8dd5c5\windows-amd64;C:\Users\DELL\.gradle\native\0d407fdbe67a94daf76414ababcb853783967236a71b16ec16e742cd7a986fd3\windows-amd64

VM Arguments:
jvm_args: --add-opens=java.base/java.util=ALL-UNNAMED --add-opens=java.base/java.lang=ALL-UNNAMED --add-opens=java.base/java.lang.invoke=ALL-UNNAMED --add-opens=java.base/java.util=ALL-UNNAMED --add-opens=java.prefs/java.util.prefs=ALL-UNNAMED --add-opens=java.prefs/java.util.prefs=ALL-UNNAMED --add-opens=java.base/java.nio.charset=ALL-UNNAMED --add-opens=java.base/java.net=ALL-UNNAMED --add-opens=java.base/java.util.concurrent.atomic=ALL-UNNAMED -Xmx1536M -Dfile.encoding=windows-1252 -Duser.country=SG -Duser.language=en -Duser.variant 
java_command: org.gradle.launcher.daemon.bootstrap.GradleDaemon 7.5
java_class_path (initial): C:\Users\DELL\.gradle\wrapper\dists\gradle-7.5-all\6qsw290k5lz422uaf8jf6m7co\gradle-7.5\lib\gradle-launcher-7.5.jar
Launcher Type: SUN_STANDARD

[Global flags]
     intx CICompilerCount                          = 4                                         {product} {ergonomic}
     uint ConcGCThreads                            = 2                                         {product} {ergonomic}
     uint G1ConcRefinementThreads                  = 8                                         {product} {ergonomic}
   size_t G1HeapRegionSize                         = 1048576                                   {product} {ergonomic}
    uintx GCDrainStackTargetSize                   = 64                                        {product} {ergonomic}
   size_t InitialHeapSize                          = 266338304                                 {product} {ergonomic}
   size_t MarkStackSize                            = 4194304                                   {product} {ergonomic}
   size_t MaxHeapSize                              = 1610612736                                {product} {command line}
   size_t MaxNewSize                               = 965738496                                 {product} {ergonomic}
   size_t MinHeapDeltaBytes                        = 1048576                                   {product} {ergonomic}
    uintx NonNMethodCodeHeapSize                   = 5836300                                {pd product} {ergonomic}
    uintx NonProfiledCodeHeapSize                  = 122910970                              {pd product} {ergonomic}
    uintx ProfiledCodeHeapSize                     = 122910970                              {pd product} {ergonomic}
    uintx ReservedCodeCacheSize                    = 251658240                              {pd product} {ergonomic}
     bool SegmentedCodeCache                       = true                                      {product} {ergonomic}
     bool UseCompressedClassPointers               = true                                 {lp64_product} {ergonomic}
     bool UseCompressedOops                        = true                                 {lp64_product} {ergonomic}
     bool UseG1GC                                  = true                                      {product} {ergonomic}
     bool UseLargePagesIndividualAllocation        = false                                  {pd product} {ergonomic}

Logging:
Log output configuration:
 #0: stdout all=warning uptime,level,tags
 #1: stderr all=off uptime,level,tags

Environment Variables:
JAVA_HOME=C:\Program Files\Android\Android Studio\jbr
CLASSPATH=D:\Pranit Jain\Udemy\Flutter Apps\New Apps From Scratch\chat_app\android\\gradle\wrapper\gradle-wrapper.jar
PATH=C:\Program Files\Common Files\Oracle\Java\javapath;C:\Windows\system32;C:\Windows;C:\Windows\System32\Wbem;C:\Windows\System32\WindowsPowerShell\v1.0\;C:\Windows\System32\OpenSSH\;C:\Program Files\NVIDIA Corporation\NVIDIA NvDLISR;D:\apps\PuTTY\;D:\apps\Git\cmd;D:\apps\Minikube;D:\Program Files\Amazon\AWSCLIV2\;C:\Program Files (x86)\PowerShell\7\;C:\Program Files\Docker\Docker\resources\bin;C:\ProgramData\DockerDesktop\version-bin;C:\ProgramData\chocolatey\bin;C:\WINDOWS\system32;C:\WINDOWS;C:\WINDOWS\System32\Wbem;C:\WINDOWS\System32\WindowsPowerShell\v1.0\;C:\WINDOWS\System32\OpenSSH\;C:\Program Files\swift\runtime-development\usr\bin;C:\Library\Developer\Toolchains\unknown-Asserts-development.xctoolchain\usr\bin;C:\Users\DELL\AppData\Roaming\nvm;C:\Program Files\nodejs;C:\Program Files (x86)\Yarn\bin\;C:\Program Files\nodejs\;C:\Users\DELL\AppData\Local\Pub\Cache\bin;C:\Users\DELL\AppData\Local\Microsoft\WindowsApps;C:\Users\DELL\AppData\Local\Programs\Microsoft VS Code\bin;d:\apps\JetBrains\PyCharm Community Edition 2020.2.3\bin;C:\Users\DELL\Documents\WindowsPowerShell\Scripts;C:\Users\DELL\AppData\Roaming\Pub\Cache\bin;C:\Users\DELL\AppData\Local\Microsoft\WindowsApps;C:\Users\DELL\AppData\Local\Programs\Python\Python39\Scripts;C:\src\flutter\bin;C:\Users\DELL\AppData\Roaming\nvm;C:\Program Files\nodejs;C:\Users\DELL\AppData\Local\Yarn\bin;C:\Users\DELL\AppData\Roaming\npm
USERNAME=DELL
OS=Windows_NT
PROCESSOR_IDENTIFIER=Intel64 Family 6 Model 126 Stepping 5, GenuineIntel



---------------  S Y S T E M  ---------------

OS: Windows 11 , 64 bit Build 22621 (10.0.22621.1778)
OS uptime: 1 days 3:22 hours
Hyper-V role detected

CPU:total 8 (initial active 8) (4 cores per cpu, 2 threads per core) family 6 model 126 stepping 5 microcode 0xb8, cmov, cx8, fxsr, mmx, sse, sse2, sse3, ssse3, sse4.1, sse4.2, popcnt, avx, avx2, aes, clmul, erms, 3dnowpref, lzcnt, ht, tsc, tscinvbit, bmi1, bmi2, adx, evex, sha, fma

Memory: 4k page, system-wide physical 16132M (4120M free)
TotalPageFile size 18180M (AvailPageFile size 3M)
current process WorkingSet (physical memory assigned to process): 332M, peak: 341M
current process commit charge ("private bytes"): 474M, peak: 483M

vm_info: OpenJDK 64-Bit Server VM (11.0.15+0-b2043.56-9505619) for windows-amd64 JRE (11.0.15+0-b2043.56-9505619), built on Jan 19 2023 02:48:00 by "builduser" with unknown MS VC++:1929

END.
